2025-02-18 12:45:02 - INFO - Video Capture: width=640, height=480, fps=30.0
2025-02-18 12:45:02 - DEBUG - Video Setup OK
2025-02-18 12:45:02 - INFO - Manipulator: link_lengths:(65, 130, 130); actuator_offsets:(81, -21.12, 0)
2025-02-18 12:45:02 - DEBUG - Joint_to_Actuator_Matrix:[array([805.        ,  -4.16666667]), array([795.        ,  -4.16666667]), array([505.        ,   4.16666667])]
2025-02-18 12:45:02 - INFO - Mission(MissionManager) Ready
2025-02-18 12:45:02 - INFO - Mission(视频帧捕获) Ready
2025-02-18 12:45:02 - INFO - Mission(原料区纠正) Ready
2025-02-18 12:45:02 - INFO - Mission(视频帧标记+显示) Ready
2025-02-18 12:45:02 - INFO - Mission(视频帧保存) Ready
2025-02-18 12:45:02 - DEBUG - (Joint_Angle_Ctrl)joint:[ 101.51686894 -100.01491963  -90.        ],servo:[(1, 382), (2, 801), (3, 130)]
2025-02-18 12:45:02 - DEBUG - (myManipulator) 开始移动
2025-02-18 12:45:03 - DEBUG - (myManipulator) 到达目标点:(0, -250, 109.66999999999999)
2025-02-18 12:45:03 - DEBUG - Mission(原料区纠正) 开始原料区位置纠正
2025-02-18 12:45:03 - DEBUG - Mission(原料区纠正),circle_params,153.5,140.5,153.5,140.5
2025-02-18 12:45:03 - DEBUG - Mission(原料区纠正),circle_params,153.5,141.5,153.5,140.5
2025-02-18 12:45:03 - DEBUG - Mission(原料区纠正),circle_params,150.5,140.5,153.5,140.5
2025-02-18 12:45:03 - DEBUG - Mission(原料区纠正),circle_params,152.5,139.5,153.5,140.5
2025-02-18 12:45:03 - DEBUG - Mission(原料区纠正),circle_params,153.5,141.5,0.0,1.0
2025-02-18 12:45:03 - DEBUG - Mission(原料区纠正) 目标静止,开始行动
2025-02-18 12:45:03 - DEBUG - Mission(原料区纠正) correction_para: 0.25,(5, 5),(20, 20)
2025-02-18 12:45:03 - DEBUG - Mission(原料区纠正),delta_y,167.5
2025-02-18 12:45:03 - DEBUG - Mission(原料区纠正) correction_para: 0.25,(5, 5),(20, 20)
2025-02-18 12:45:03 - DEBUG - Mission(原料区纠正),delta_y,168.5
2025-02-18 12:45:03 - DEBUG - Mission(原料区纠正) correction_para: 0.25,(5, 5),(20, 20)
2025-02-18 12:45:03 - DEBUG - Mission(原料区纠正),delta_y,151.5
2025-02-18 12:45:04 - DEBUG - Mission(原料区纠正) correction_para: 0.25,(5, 5),(20, 20)
2025-02-18 12:45:04 - DEBUG - Mission(原料区纠正),delta_y,110.5
2025-02-18 12:45:04 - DEBUG - Mission(原料区纠正) correction_para: 0.25,(5, 5),(20, 20)
2025-02-18 12:45:04 - DEBUG - Mission(原料区纠正),delta_y,39.5
2025-02-18 12:45:04 - DEBUG - Mission(原料区纠正) correction_para: 0.25,(5, 5),(20, 20)
2025-02-18 12:45:04 - DEBUG - Mission(原料区纠正),delta_y,-35.5
2025-02-18 12:45:05 - DEBUG - Mission(原料区纠正) correction_para: 0.25,(5, 5),(20, 20)
2025-02-18 12:45:05 - DEBUG - Mission(原料区纠正),delta_y,-114.5
2025-02-18 12:45:05 - DEBUG - Mission(原料区纠正) correction_para: 0.25,(5, 5),(20, 20)
2025-02-18 12:45:05 - DEBUG - Mission(原料区纠正),delta_y,-184.5
2025-02-18 12:45:05 - DEBUG - Mission(原料区纠正) correction_para: 0.25,(5, 5),(20, 20)
2025-02-18 12:45:05 - WARNING - Mission(原料区纠正) 未检测到目标对象
2025-02-18 12:45:05 - DEBUG - Mission(原料区纠正) correction_para: 0.25,(5, 5),(20, 20)
2025-02-18 12:45:05 - WARNING - Mission(原料区纠正) 未检测到目标对象
2025-02-18 12:45:06 - DEBUG - Mission(原料区纠正) correction_para: 0.25,(5, 5),(20, 20)
2025-02-18 12:45:06 - WARNING - Mission(原料区纠正) 未检测到目标对象
2025-02-18 12:45:06 - DEBUG - Mission(原料区纠正) correction_para: 0.25,(5, 5),(20, 20)
2025-02-18 12:45:06 - WARNING - Mission(原料区纠正) 未检测到目标对象
2025-02-18 12:45:06 - DEBUG - Mission(原料区纠正) correction_para: 0.25,(5, 5),(20, 20)
2025-02-18 12:45:06 - WARNING - Mission(原料区纠正) 未检测到目标对象
2025-02-18 12:45:06 - DEBUG - Mission(原料区纠正) correction_para: 0.25,(5, 5),(20, 20)
2025-02-18 12:45:06 - WARNING - Mission(原料区纠正) 未检测到目标对象
2025-02-18 12:45:07 - DEBUG - Mission(原料区纠正) correction_para: 0.25,(5, 5),(20, 20)
2025-02-18 12:45:07 - WARNING - Mission(原料区纠正) 未检测到目标对象
2025-02-18 12:45:07 - DEBUG - Mission(原料区纠正) correction_para: 0.25,(5, 5),(20, 20)
2025-02-18 12:45:07 - WARNING - Mission(原料区纠正) 未检测到目标对象
2025-02-18 12:45:07 - DEBUG - Mission(原料区纠正) correction_para: 0.25,(5, 5),(20, 20)
2025-02-18 12:45:07 - WARNING - Mission(原料区纠正) 未检测到目标对象
2025-02-18 12:45:07 - DEBUG - Mission(原料区纠正) correction_para: 0.25,(5, 5),(20, 20)
2025-02-18 12:45:07 - WARNING - Mission(原料区纠正) 未检测到目标对象
2025-02-18 12:45:08 - DEBUG - Mission(原料区纠正) correction_para: 0.25,(5, 5),(20, 20)
2025-02-18 12:45:08 - WARNING - Mission(原料区纠正) 未检测到目标对象
2025-02-18 12:45:08 - DEBUG - Mission(原料区纠正) correction_para: 0.25,(5, 5),(20, 20)
2025-02-18 12:45:08 - WARNING - Mission(原料区纠正) 未检测到目标对象
2025-02-18 12:45:08 - DEBUG - Mission(原料区纠正) correction_para: 0.25,(5, 5),(20, 20)
2025-02-18 12:45:08 - WARNING - Mission(原料区纠正) 未检测到目标对象
2025-02-18 12:45:09 - DEBUG - Mission(原料区纠正) correction_para: 0.25,(5, 5),(20, 20)
2025-02-18 12:45:09 - WARNING - Mission(原料区纠正) 未检测到目标对象
2025-02-18 12:45:09 - DEBUG - Mission(原料区纠正) correction_para: 0.25,(5, 5),(20, 20)
2025-02-18 12:45:09 - WARNING - Mission(原料区纠正) 未检测到目标对象
2025-02-18 12:45:09 - DEBUG - Mission(原料区纠正) correction_para: 0.25,(5, 5),(20, 20)
2025-02-18 12:45:09 - WARNING - Mission(原料区纠正) 未检测到目标对象
2025-02-18 12:45:09 - DEBUG - Mission(原料区纠正) correction_para: 0.25,(5, 5),(20, 20)
2025-02-18 12:45:09 - WARNING - Mission(原料区纠正) 未检测到目标对象
2025-02-18 12:45:10 - DEBUG - Mission(原料区纠正) correction_para: 0.25,(5, 5),(20, 20)
2025-02-18 12:45:10 - WARNING - Mission(原料区纠正) 未检测到目标对象
2025-02-18 12:45:10 - DEBUG - Mission(原料区纠正) correction_para: 0.25,(5, 5),(20, 20)
2025-02-18 12:45:10 - DEBUG - Mission(原料区纠正),delta_y,104.5
2025-02-18 12:45:10 - DEBUG - Mission(原料区纠正) correction_para: 0.25,(5, 5),(20, 20)
2025-02-18 12:45:10 - DEBUG - Mission(原料区纠正),delta_y,73.5
2025-02-18 12:45:10 - DEBUG - Mission(原料区纠正) correction_para: 0.25,(5, 5),(20, 20)
2025-02-18 12:45:10 - DEBUG - Mission(原料区纠正),delta_y,57.5
2025-02-18 12:45:11 - DEBUG - Mission(原料区纠正) correction_para: 0.25,(5, 5),(20, 20)
2025-02-18 12:45:11 - DEBUG - Mission(原料区纠正),delta_y,31.5
2025-02-18 12:45:11 - DEBUG - Mission(原料区纠正) correction_para: 0.25,(5, 5),(20, 20)
2025-02-18 12:45:11 - DEBUG - Mission(原料区纠正),delta_y,3.5
2025-02-18 12:45:11 - DEBUG - Mission(原料区纠正) 横向纠正完毕
2025-02-18 12:45:11 - DEBUG - Mission(原料区纠正) correction_para: 0.25,(5, 5),(20, 20)
2025-02-18 12:45:11 - DEBUG - Mission(原料区纠正),delta_x,109.5
2025-02-18 12:45:11 - DEBUG - Mission(原料区纠正) correction_para: 0.25,(5, 5),(20, 20)
2025-02-18 12:45:11 - DEBUG - Mission(原料区纠正),delta_x,109.5
2025-02-18 12:45:12 - DEBUG - Mission(原料区纠正) correction_para: 0.25,(5, 5),(20, 20)
2025-02-18 12:45:12 - DEBUG - Mission(原料区纠正),delta_x,109.5
2025-02-18 12:45:12 - DEBUG - Mission(原料区纠正) correction_para: 0.25,(5, 5),(20, 20)
2025-02-18 12:45:12 - DEBUG - Mission(原料区纠正),delta_x,97.5
2025-02-18 12:45:12 - DEBUG - Mission(原料区纠正) correction_para: 0.25,(5, 5),(20, 20)
2025-02-18 12:45:12 - DEBUG - Mission(原料区纠正),delta_x,70.5
2025-02-18 12:45:13 - DEBUG - Mission(原料区纠正) correction_para: 0.25,(5, 5),(20, 20)
2025-02-18 12:45:13 - DEBUG - Mission(原料区纠正),delta_x,43.5
2025-02-18 12:45:13 - DEBUG - Mission(原料区纠正) correction_para: 0.25,(5, 5),(20, 20)
2025-02-18 12:45:13 - DEBUG - Mission(原料区纠正),delta_x,11.5
2025-02-18 12:45:13 - DEBUG - Mission(原料区纠正) correction_para: 0.25,(5, 5),(20, 20)
2025-02-18 12:45:13 - DEBUG - Mission(原料区纠正),delta_x,-15.5
2025-02-18 12:45:13 - DEBUG - Mission(原料区纠正) correction_para: 0.25,(5, 5),(20, 20)
2025-02-18 12:45:13 - DEBUG - Mission(原料区纠正),delta_x,-39.5
2025-02-18 12:45:14 - DEBUG - Mission(原料区纠正) correction_para: 0.25,(5, 5),(20, 20)
2025-02-18 12:45:14 - DEBUG - Mission(原料区纠正),delta_x,-47.5
2025-02-18 12:45:14 - DEBUG - Mission(原料区纠正) correction_para: 0.25,(5, 5),(20, 20)
2025-02-18 12:45:14 - DEBUG - Mission(原料区纠正),delta_x,-18.5
2025-02-18 12:45:14 - DEBUG - Mission(原料区纠正) correction_para: 0.25,(5, 5),(20, 20)
2025-02-18 12:45:14 - DEBUG - Mission(原料区纠正),delta_x,10.5
2025-02-18 12:45:14 - DEBUG - Mission(原料区纠正) correction_para: 0.25,(5, 5),(20, 20)
2025-02-18 12:45:14 - DEBUG - Mission(原料区纠正),delta_x,25.5
2025-02-18 12:45:15 - DEBUG - Mission(原料区纠正) correction_para: 0.25,(5, 5),(20, 20)
2025-02-18 12:45:15 - DEBUG - Mission(原料区纠正),delta_x,15.5
2025-02-18 12:45:15 - DEBUG - Mission(原料区纠正) correction_para: 0.25,(5, 5),(20, 20)
2025-02-18 12:45:15 - DEBUG - Mission(原料区纠正),delta_x,-17.5
2025-02-18 12:45:15 - DEBUG - Mission(原料区纠正) correction_para: 0.25,(5, 5),(20, 20)
2025-02-18 12:45:15 - WARNING - Mission(原料区纠正) 未检测到目标对象
2025-02-18 12:45:15 - DEBUG - Mission(原料区纠正) correction_para: 0.25,(5, 5),(20, 20)
2025-02-18 12:45:15 - WARNING - Mission(原料区纠正) 未检测到目标对象
2025-02-18 12:45:16 - DEBUG - Mission(原料区纠正) correction_para: 0.25,(5, 5),(20, 20)
2025-02-18 12:45:16 - WARNING - Mission(原料区纠正) 未检测到目标对象
2025-02-18 12:45:16 - DEBUG - Mission(原料区纠正) correction_para: 0.25,(5, 5),(20, 20)
2025-02-18 12:45:16 - WARNING - Mission(原料区纠正) 未检测到目标对象
2025-02-18 12:45:16 - DEBUG - Mission(原料区纠正) correction_para: 0.25,(5, 5),(20, 20)
2025-02-18 12:45:16 - WARNING - Mission(原料区纠正) 未检测到目标对象
2025-02-18 12:45:17 - DEBUG - Mission(原料区纠正) correction_para: 0.25,(5, 5),(20, 20)
2025-02-18 12:45:17 - WARNING - Mission(原料区纠正) 未检测到目标对象
2025-02-18 12:45:17 - DEBUG - Mission(原料区纠正) correction_para: 0.25,(5, 5),(20, 20)
2025-02-18 12:45:17 - WARNING - Mission(原料区纠正) 未检测到目标对象
2025-02-18 12:45:17 - DEBUG - Mission(原料区纠正) correction_para: 0.25,(5, 5),(20, 20)
2025-02-18 12:45:17 - WARNING - Mission(原料区纠正) 未检测到目标对象
2025-02-18 12:45:17 - DEBUG - Mission(原料区纠正) correction_para: 0.25,(5, 5),(20, 20)
2025-02-18 12:45:17 - WARNING - Mission(原料区纠正) 未检测到目标对象
2025-02-18 12:45:18 - DEBUG - Mission(原料区纠正) correction_para: 0.25,(5, 5),(20, 20)
2025-02-18 12:45:18 - WARNING - Mission(原料区纠正) 未检测到目标对象
2025-02-18 12:45:18 - DEBUG - Mission(原料区纠正) correction_para: 0.25,(5, 5),(20, 20)
2025-02-18 12:45:18 - WARNING - Mission(原料区纠正) 未检测到目标对象
2025-02-18 12:45:18 - DEBUG - Mission(原料区纠正) correction_para: 0.25,(5, 5),(20, 20)
2025-02-18 12:45:18 - WARNING - Mission(原料区纠正) 未检测到目标对象
2025-02-18 12:45:18 - DEBUG - Mission(原料区纠正) correction_para: 0.25,(5, 5),(20, 20)
2025-02-18 12:45:18 - WARNING - Mission(原料区纠正) 未检测到目标对象
2025-02-18 12:45:19 - DEBUG - Mission(原料区纠正) correction_para: 0.25,(5, 5),(20, 20)
2025-02-18 12:45:19 - WARNING - Mission(原料区纠正) 未检测到目标对象
2025-02-18 12:45:19 - DEBUG - Mission(原料区纠正) correction_para: 0.25,(5, 5),(20, 20)
2025-02-18 12:45:19 - DEBUG - Mission(原料区纠正),delta_x,102.5
2025-02-18 12:45:19 - DEBUG - Mission(原料区纠正) correction_para: 0.25,(5, 5),(20, 20)
2025-02-18 12:45:19 - DEBUG - Mission(原料区纠正),delta_x,69.5
2025-02-18 12:45:19 - DEBUG - Mission(原料区纠正) correction_para: 0.25,(5, 5),(20, 20)
2025-02-18 12:45:19 - DEBUG - Mission(原料区纠正),delta_x,24.5
2025-02-18 12:45:20 - DEBUG - Mission(原料区纠正) correction_para: 0.25,(5, 5),(20, 20)
2025-02-18 12:45:20 - DEBUG - Mission(原料区纠正),delta_x,-27.5
2025-02-18 12:45:20 - DEBUG - Mission(原料区纠正) correction_para: 0.25,(5, 5),(20, 20)
2025-02-18 12:45:20 - WARNING - Mission(原料区纠正) 未检测到目标对象
2025-02-18 12:45:20 - DEBUG - Mission(原料区纠正) correction_para: 0.25,(5, 5),(20, 20)
2025-02-18 12:45:20 - WARNING - Mission(原料区纠正) 未检测到目标对象
2025-02-18 12:45:21 - DEBUG - Mission(原料区纠正) correction_para: 0.25,(5, 5),(20, 20)
2025-02-18 12:45:21 - WARNING - Mission(原料区纠正) 未检测到目标对象
2025-02-18 12:45:21 - DEBUG - Mission(原料区纠正) correction_para: 0.25,(5, 5),(20, 20)
2025-02-18 12:45:21 - WARNING - Mission(原料区纠正) 未检测到目标对象
2025-02-18 12:45:21 - DEBUG - Mission(原料区纠正) correction_para: 0.25,(5, 5),(20, 20)
2025-02-18 12:45:21 - WARNING - Mission(原料区纠正) 未检测到目标对象
2025-02-18 12:45:21 - DEBUG - Mission(原料区纠正) correction_para: 0.25,(5, 5),(20, 20)
2025-02-18 12:45:21 - WARNING - Mission(原料区纠正) 未检测到目标对象
2025-02-18 12:45:22 - DEBUG - Mission(原料区纠正) correction_para: 0.25,(5, 5),(20, 20)
2025-02-18 12:45:22 - WARNING - Mission(原料区纠正) 未检测到目标对象
2025-02-18 12:45:22 - DEBUG - Mission(原料区纠正) correction_para: 0.25,(5, 5),(20, 20)
2025-02-18 12:45:22 - WARNING - Mission(原料区纠正) 未检测到目标对象
2025-02-18 12:45:22 - DEBUG - Mission(原料区纠正) correction_para: 0.25,(5, 5),(20, 20)
2025-02-18 12:45:22 - WARNING - Mission(原料区纠正) 未检测到目标对象
2025-02-18 12:45:22 - DEBUG - Mission(原料区纠正) correction_para: 0.25,(5, 5),(20, 20)
2025-02-18 12:45:22 - WARNING - Mission(原料区纠正) 未检测到目标对象
2025-02-18 12:45:23 - DEBUG - Mission(原料区纠正) correction_para: 0.25,(5, 5),(20, 20)
2025-02-18 12:45:23 - WARNING - Mission(原料区纠正) 未检测到目标对象
2025-02-18 12:45:23 - DEBUG - Mission(原料区纠正) correction_para: 0.25,(5, 5),(20, 20)
2025-02-18 12:45:23 - WARNING - Mission(原料区纠正) 未检测到目标对象
2025-02-18 12:45:23 - DEBUG - Mission(原料区纠正) correction_para: 0.25,(5, 5),(20, 20)
2025-02-18 12:45:23 - WARNING - Mission(原料区纠正) 未检测到目标对象
2025-02-18 12:45:23 - DEBUG - Mission(原料区纠正) correction_para: 0.25,(5, 5),(20, 20)
2025-02-18 12:45:23 - WARNING - Mission(原料区纠正) 未检测到目标对象
2025-02-18 12:45:24 - DEBUG - Mission(原料区纠正) correction_para: 0.25,(5, 5),(20, 20)
2025-02-18 12:45:24 - WARNING - Mission(原料区纠正) 未检测到目标对象
2025-02-18 12:45:24 - DEBUG - Mission(原料区纠正) correction_para: 0.25,(5, 5),(20, 20)
2025-02-18 12:45:24 - WARNING - Mission(原料区纠正) 未检测到目标对象
2025-02-18 12:45:24 - DEBUG - Mission(原料区纠正) correction_para: 0.25,(5, 5),(20, 20)
2025-02-18 12:45:24 - WARNING - Mission(原料区纠正) 未检测到目标对象
2025-02-18 12:45:25 - DEBUG - Mission(原料区纠正) correction_para: 0.25,(5, 5),(20, 20)
2025-02-18 12:45:25 - WARNING - Mission(原料区纠正) 未检测到目标对象
2025-02-18 12:45:25 - DEBUG - Mission(原料区纠正) correction_para: 0.25,(5, 5),(20, 20)
2025-02-18 12:45:25 - WARNING - Mission(原料区纠正) 未检测到目标对象
2025-02-18 12:45:25 - DEBUG - Mission(原料区纠正) correction_para: 0.25,(5, 5),(20, 20)
2025-02-18 12:45:25 - WARNING - Mission(原料区纠正) 未检测到目标对象
2025-02-18 12:45:25 - DEBUG - Mission(原料区纠正) correction_para: 0.25,(5, 5),(20, 20)
2025-02-18 12:45:25 - WARNING - Mission(原料区纠正) 未检测到目标对象
2025-02-18 12:45:26 - DEBUG - Mission(原料区纠正) correction_para: 0.25,(5, 5),(20, 20)
2025-02-18 12:45:26 - WARNING - Mission(原料区纠正) 未检测到目标对象
2025-02-18 12:45:26 - DEBUG - Mission(原料区纠正) correction_para: 0.25,(5, 5),(20, 20)
2025-02-18 12:45:26 - WARNING - Mission(原料区纠正) 未检测到目标对象
2025-02-18 12:45:26 - DEBUG - Mission(原料区纠正) correction_para: 0.25,(5, 5),(20, 20)
2025-02-18 12:45:26 - WARNING - Mission(原料区纠正) 未检测到目标对象
2025-02-18 12:45:26 - DEBUG - Mission(原料区纠正) correction_para: 0.25,(5, 5),(20, 20)
2025-02-18 12:45:26 - WARNING - Mission(原料区纠正) 未检测到目标对象
2025-02-18 12:45:27 - DEBUG - Mission(原料区纠正) correction_para: 0.25,(5, 5),(20, 20)
2025-02-18 12:45:27 - WARNING - Mission(原料区纠正) 未检测到目标对象
2025-02-18 12:45:27 - DEBUG - Mission(原料区纠正) correction_para: 0.25,(5, 5),(20, 20)
2025-02-18 12:45:27 - WARNING - Mission(原料区纠正) 未检测到目标对象
2025-02-18 12:45:27 - DEBUG - Mission(原料区纠正) correction_para: 0.25,(5, 5),(20, 20)
2025-02-18 12:45:27 - WARNING - Mission(原料区纠正) 未检测到目标对象
2025-02-18 12:45:27 - DEBUG - Mission(原料区纠正) correction_para: 0.25,(5, 5),(20, 20)
2025-02-18 12:45:27 - WARNING - Mission(原料区纠正) 未检测到目标对象
2025-02-18 12:45:28 - DEBUG - Mission(原料区纠正) correction_para: 0.25,(5, 5),(20, 20)
2025-02-18 12:45:28 - WARNING - Mission(原料区纠正) 未检测到目标对象
2025-02-18 12:45:28 - DEBUG - Mission(原料区纠正) correction_para: 0.25,(5, 5),(20, 20)
2025-02-18 12:45:28 - WARNING - Mission(原料区纠正) 未检测到目标对象
2025-02-18 12:45:28 - DEBUG - Mission(原料区纠正) correction_para: 0.25,(5, 5),(20, 20)
2025-02-18 12:45:28 - WARNING - Mission(原料区纠正) 未检测到目标对象
2025-02-18 12:45:29 - DEBUG - Mission(原料区纠正) correction_para: 0.25,(5, 5),(20, 20)
2025-02-18 12:45:29 - WARNING - Mission(原料区纠正) 未检测到目标对象
2025-02-18 12:45:29 - DEBUG - Mission(原料区纠正) correction_para: 0.25,(5, 5),(20, 20)
2025-02-18 12:45:29 - WARNING - Mission(原料区纠正) 未检测到目标对象
2025-02-18 12:45:29 - DEBUG - Mission(原料区纠正) correction_para: 0.25,(5, 5),(20, 20)
2025-02-18 12:45:29 - WARNING - Mission(原料区纠正) 未检测到目标对象
2025-02-18 12:45:29 - DEBUG - Mission(原料区纠正) correction_para: 0.25,(5, 5),(20, 20)
2025-02-18 12:45:29 - WARNING - Mission(原料区纠正) 未检测到目标对象
2025-02-18 12:45:30 - DEBUG - Mission(原料区纠正) correction_para: 0.25,(5, 5),(20, 20)
2025-02-18 12:45:30 - WARNING - Mission(原料区纠正) 未检测到目标对象
2025-02-18 12:45:30 - DEBUG - Mission(原料区纠正) correction_para: 0.25,(5, 5),(20, 20)
2025-02-18 12:45:30 - WARNING - Mission(原料区纠正) 未检测到目标对象
2025-02-18 12:45:30 - DEBUG - Mission(原料区纠正) correction_para: 0.25,(5, 5),(20, 20)
2025-02-18 12:45:30 - WARNING - Mission(原料区纠正) 未检测到目标对象
2025-02-18 12:45:30 - DEBUG - Mission(原料区纠正) correction_para: 0.25,(5, 5),(20, 20)
2025-02-18 12:45:30 - WARNING - Mission(原料区纠正) 未检测到目标对象
2025-02-18 12:45:31 - DEBUG - Mission(原料区纠正) correction_para: 0.25,(5, 5),(20, 20)
2025-02-18 12:45:31 - WARNING - Mission(原料区纠正) 未检测到目标对象
2025-02-18 12:45:31 - DEBUG - Mission(原料区纠正) correction_para: 0.25,(5, 5),(20, 20)
2025-02-18 12:45:31 - WARNING - Mission(原料区纠正) 未检测到目标对象
2025-02-18 12:45:31 - DEBUG - Mission(原料区纠正) correction_para: 0.25,(5, 5),(20, 20)
2025-02-18 12:45:31 - WARNING - Mission(原料区纠正) 未检测到目标对象
2025-02-18 12:45:31 - DEBUG - Mission(原料区纠正) correction_para: 0.25,(5, 5),(20, 20)
2025-02-18 12:45:31 - WARNING - Mission(原料区纠正) 未检测到目标对象
2025-02-18 12:45:32 - DEBUG - Mission(原料区纠正) correction_para: 0.25,(5, 5),(20, 20)
2025-02-18 12:45:32 - WARNING - Mission(原料区纠正) 未检测到目标对象
2025-02-18 12:45:32 - DEBUG - Mission(原料区纠正) correction_para: 0.25,(5, 5),(20, 20)
2025-02-18 12:45:32 - WARNING - Mission(原料区纠正) 未检测到目标对象
2025-02-18 12:45:32 - DEBUG - Mission(原料区纠正) correction_para: 0.25,(5, 5),(20, 20)
2025-02-18 12:45:32 - WARNING - Mission(原料区纠正) 未检测到目标对象
2025-02-18 12:45:33 - DEBUG - Mission(原料区纠正) correction_para: 0.25,(5, 5),(20, 20)
2025-02-18 12:45:33 - WARNING - Mission(原料区纠正) 未检测到目标对象
2025-02-18 12:45:33 - DEBUG - Mission(原料区纠正) correction_para: 0.25,(5, 5),(20, 20)
2025-02-18 12:45:33 - WARNING - Mission(原料区纠正) 未检测到目标对象
2025-02-18 12:45:33 - DEBUG - Mission(原料区纠正) correction_para: 0.25,(5, 5),(20, 20)
2025-02-18 12:45:33 - WARNING - Mission(原料区纠正) 未检测到目标对象
2025-02-18 12:45:33 - DEBUG - Mission(原料区纠正) correction_para: 0.25,(5, 5),(20, 20)
2025-02-18 12:45:33 - WARNING - Mission(原料区纠正) 未检测到目标对象
2025-02-18 12:45:34 - DEBUG - Mission(原料区纠正) correction_para: 0.25,(5, 5),(20, 20)
2025-02-18 12:45:34 - WARNING - Mission(原料区纠正) 未检测到目标对象
2025-02-18 12:45:34 - DEBUG - Mission(原料区纠正) correction_para: 0.25,(5, 5),(20, 20)
2025-02-18 12:45:34 - WARNING - Mission(原料区纠正) 未检测到目标对象
2025-02-18 12:45:34 - DEBUG - Mission(原料区纠正) correction_para: 0.25,(5, 5),(20, 20)
2025-02-18 12:45:34 - WARNING - Mission(原料区纠正) 未检测到目标对象
2025-02-18 12:45:34 - DEBUG - Mission(原料区纠正) correction_para: 0.25,(5, 5),(20, 20)
2025-02-18 12:45:34 - WARNING - Mission(原料区纠正) 未检测到目标对象
2025-02-18 12:45:35 - DEBUG - Mission(原料区纠正) correction_para: 0.25,(5, 5),(20, 20)
2025-02-18 12:45:35 - WARNING - Mission(原料区纠正) 未检测到目标对象
2025-02-18 12:45:35 - DEBUG - Mission(原料区纠正) correction_para: 0.25,(5, 5),(20, 20)
2025-02-18 12:45:35 - WARNING - Mission(原料区纠正) 未检测到目标对象
2025-02-18 12:45:35 - DEBUG - Mission(原料区纠正) correction_para: 0.25,(5, 5),(20, 20)
2025-02-18 12:45:35 - WARNING - Mission(原料区纠正) 未检测到目标对象
2025-02-18 12:45:35 - DEBUG - Mission(原料区纠正) correction_para: 0.25,(5, 5),(20, 20)
2025-02-18 12:45:35 - WARNING - Mission(原料区纠正) 未检测到目标对象
2025-02-18 12:45:36 - DEBUG - Mission(原料区纠正) correction_para: 0.25,(5, 5),(20, 20)
2025-02-18 12:45:36 - WARNING - Mission(原料区纠正) 未检测到目标对象
2025-02-18 12:45:36 - DEBUG - Mission(原料区纠正) correction_para: 0.25,(5, 5),(20, 20)
2025-02-18 12:45:36 - WARNING - Mission(原料区纠正) 未检测到目标对象
2025-02-18 12:45:36 - DEBUG - Mission(原料区纠正) correction_para: 0.25,(5, 5),(20, 20)
2025-02-18 12:45:36 - WARNING - Mission(原料区纠正) 未检测到目标对象
2025-02-18 12:45:37 - DEBUG - Mission(原料区纠正) correction_para: 0.25,(5, 5),(20, 20)
2025-02-18 12:45:37 - WARNING - Mission(原料区纠正) 未检测到目标对象
2025-02-18 12:45:37 - DEBUG - Mission(原料区纠正) correction_para: 0.25,(5, 5),(20, 20)
2025-02-18 12:45:37 - WARNING - Mission(原料区纠正) 未检测到目标对象
2025-02-18 12:45:37 - DEBUG - Mission(原料区纠正) correction_para: 0.25,(5, 5),(20, 20)
2025-02-18 12:45:37 - WARNING - Mission(原料区纠正) 未检测到目标对象
2025-02-18 12:45:37 - DEBUG - Mission(原料区纠正) correction_para: 0.25,(5, 5),(20, 20)
2025-02-18 12:45:37 - WARNING - Mission(原料区纠正) 未检测到目标对象
2025-02-18 12:45:38 - DEBUG - Mission(原料区纠正) correction_para: 0.25,(5, 5),(20, 20)
2025-02-18 12:45:38 - WARNING - Mission(原料区纠正) 未检测到目标对象
2025-02-18 12:45:38 - DEBUG - Mission(原料区纠正) correction_para: 0.25,(5, 5),(20, 20)
2025-02-18 12:45:38 - WARNING - Mission(原料区纠正) 未检测到目标对象
2025-02-18 12:45:38 - DEBUG - Mission(原料区纠正) correction_para: 0.25,(5, 5),(20, 20)
2025-02-18 12:45:38 - WARNING - Mission(原料区纠正) 未检测到目标对象
2025-02-18 12:45:38 - DEBUG - Mission(原料区纠正) correction_para: 0.25,(5, 5),(20, 20)
2025-02-18 12:45:38 - WARNING - Mission(原料区纠正) 未检测到目标对象
2025-02-18 12:45:39 - DEBUG - Mission(原料区纠正) correction_para: 0.25,(5, 5),(20, 20)
2025-02-18 12:45:39 - WARNING - Mission(原料区纠正) 未检测到目标对象
2025-02-18 12:45:39 - DEBUG - Mission(原料区纠正) correction_para: 0.25,(5, 5),(20, 20)
2025-02-18 12:45:39 - WARNING - Mission(原料区纠正) 未检测到目标对象
2025-02-18 12:45:39 - DEBUG - Mission(原料区纠正) correction_para: 0.25,(5, 5),(20, 20)
2025-02-18 12:45:39 - WARNING - Mission(原料区纠正) 未检测到目标对象
2025-02-18 12:45:39 - DEBUG - Mission(原料区纠正) correction_para: 0.25,(5, 5),(20, 20)
2025-02-18 12:45:39 - WARNING - Mission(原料区纠正) 未检测到目标对象
2025-02-18 12:45:40 - DEBUG - Mission(原料区纠正) correction_para: 0.25,(5, 5),(20, 20)
2025-02-18 12:45:40 - WARNING - Mission(原料区纠正) 未检测到目标对象
2025-02-18 12:45:40 - DEBUG - Mission(原料区纠正) correction_para: 0.25,(5, 5),(20, 20)
2025-02-18 12:45:40 - WARNING - Mission(原料区纠正) 未检测到目标对象
2025-02-18 12:45:40 - DEBUG - Mission(原料区纠正) correction_para: 0.25,(5, 5),(20, 20)
2025-02-18 12:45:40 - WARNING - Mission(原料区纠正) 未检测到目标对象
2025-02-18 12:45:41 - DEBUG - Mission(原料区纠正) correction_para: 0.25,(5, 5),(20, 20)
2025-02-18 12:45:41 - WARNING - Mission(原料区纠正) 未检测到目标对象
2025-02-18 12:45:41 - DEBUG - Mission(原料区纠正) correction_para: 0.25,(5, 5),(20, 20)
2025-02-18 12:45:41 - WARNING - Mission(原料区纠正) 未检测到目标对象
2025-02-18 12:45:41 - DEBUG - Mission(原料区纠正) correction_para: 0.25,(5, 5),(20, 20)
2025-02-18 12:45:41 - WARNING - Mission(原料区纠正) 未检测到目标对象
2025-02-18 12:45:41 - DEBUG - Mission(原料区纠正) correction_para: 0.25,(5, 5),(20, 20)
2025-02-18 12:45:41 - WARNING - Mission(原料区纠正) 未检测到目标对象
2025-02-18 12:45:42 - DEBUG - Mission(原料区纠正) correction_para: 0.25,(5, 5),(20, 20)
2025-02-18 12:45:42 - WARNING - Mission(原料区纠正) 未检测到目标对象
2025-02-18 12:45:42 - DEBUG - Mission(原料区纠正) correction_para: 0.25,(5, 5),(20, 20)
2025-02-18 12:45:42 - WARNING - Mission(原料区纠正) 未检测到目标对象
2025-02-18 12:45:42 - DEBUG - Mission(原料区纠正) correction_para: 0.25,(5, 5),(20, 20)
2025-02-18 12:45:42 - WARNING - Mission(原料区纠正) 未检测到目标对象
2025-02-18 12:45:42 - DEBUG - Mission(原料区纠正) correction_para: 0.25,(5, 5),(20, 20)
2025-02-18 12:45:42 - WARNING - Mission(原料区纠正) 未检测到目标对象
2025-02-18 12:45:43 - ERROR - Mission(视频帧标记+显示) Run Error
Traceback (most recent call last):
  File "/home/zhang/Logistic_Robot2025/proj/mission/Setup.py", line 366, in Run
    self.Run_func(self)
  File "/home/zhang/Logistic_Robot2025/proj/mission/Mission_Function.py", line 110, in Frame_Mark_Display_Func
    raise Exception("Frame_Mark_Save: Keyboard Interrupt")
Exception: Frame_Mark_Save: Keyboard Interrupt

2025-02-18 12:45:43 - INFO - Mission(视频帧标记+显示) End, Duration(s):40.27874946594238
2025-02-18 12:45:43 - INFO - Mission(视频帧捕获) Cap Released
2025-02-18 12:45:43 - INFO - Mission(视频帧捕获) End, Duration(s):40.32396483421326
2025-02-18 12:45:43 - INFO - Mission(视频帧标记+显示) Windows Closed
2025-02-18 12:45:43 - INFO - Mission(视频帧标记+显示) End, Duration(s):40.328410387039185
2025-02-18 12:45:43 - INFO - Mission(视频帧保存) VideoWriter Released
2025-02-18 12:45:43 - INFO - Mission(视频帧保存) End, Duration(s):40.37487506866455
2025-02-18 12:45:43 - INFO - Mission(MissionManager) End, Duration(s):40.37540864944458
