2025-02-14 11:45:07 - INFO - Manipulator: link_lengths:(65, 130, 130); actuator_offsets:(71, -21.12, 0)
2025-02-14 11:45:07 - INFO - Video Capture: width=640, height=480, fps=30.0
2025-02-14 11:45:07 - INFO - Mission(MissionManager) Ready
2025-02-14 11:45:07 - INFO - Mission(视频帧捕获) Ready
2025-02-14 11:45:07 - INFO - Mission(待机) Ready
2025-02-14 11:45:07 - INFO - Mission(视频帧标记+显示) Ready
2025-02-14 11:45:08 - INFO - (myManipulator) 开始移动
2025-02-14 11:45:08 - INFO - (myManipulator) 到达目标点:(150, 0, 44)
2025-02-14 11:45:12 - INFO - (myManipulator) 执行动作组:scan_qrcode
2025-02-14 11:45:13 - INFO - (myManipulator) 动作组执行完毕
2025-02-14 11:45:13 - ERROR - Mission(待机) Run Error
Traceback (most recent call last):
  File "/home/zhang/Logistic_Robot2025/proj/mission/Setup.py", line 184, in Run
    self.Run_func(self)
  File "/home/zhang/Logistic_Robot2025/proj/mission/Mission_Function.py", line 151, in Standby_Func
    busy_flag=arm.Goto_Target_Pos((0,-100,0),arm_reset_time,arm.Ctrl_Mode.YAW_ROTATION)
UnboundLocalError: local variable 'arm_reset_time' referenced before assignment

2025-02-14 11:45:13 - INFO - Mission(待机) End, Duration(s):5.560266971588135
2025-02-14 11:45:13 - INFO - Mission(视频帧捕获) Cap Released
2025-02-14 11:45:13 - INFO - Mission(视频帧捕获) End, Duration(s):5.592463254928589
2025-02-14 11:45:13 - INFO - Mission(视频帧标记+显示) Windows Closed
2025-02-14 11:45:13 - INFO - Mission(视频帧标记+显示) End, Duration(s):5.596125364303589
2025-02-14 11:45:13 - INFO - Mission(视频帧保存) VideoWriter Released
2025-02-14 11:45:13 - INFO - Mission(视频帧保存) End, Duration(s):0.0
2025-02-14 11:45:13 - INFO - Mission(MissionManager) End, Duration(s):5.598172426223755
2025-02-14 11:47:41 - INFO - Manipulator: link_lengths:(65, 130, 130); actuator_offsets:(71, -21.12, 0)
2025-02-14 11:47:41 - INFO - Video Capture: width=640, height=480, fps=30.0
2025-02-14 11:47:41 - INFO - Mission(MissionManager) Ready
2025-02-14 11:47:41 - INFO - Mission(视频帧捕获) Ready
2025-02-14 11:47:41 - INFO - Mission(待机) Ready
2025-02-14 11:47:41 - INFO - Mission(视频帧标记+显示) Ready
2025-02-14 11:47:42 - INFO - (myManipulator) 开始移动
2025-02-14 11:47:42 - INFO - (myManipulator) 到达目标点:(150, 0, 44)
2025-02-14 11:47:47 - INFO - (myManipulator) 执行动作组:scan_qrcode
2025-02-14 11:47:47 - INFO - (myManipulator) 动作组执行完毕
2025-02-14 11:47:48 - INFO - Mission(待机) End, Duration(s):6.787866830825806
2025-02-14 11:47:48 - INFO - Mission(视频帧保存) Ready
2025-02-14 11:47:48 - INFO - Mission(启停区出发) Ready
2025-02-14 11:47:49 - INFO - Mission(启停区出发) End, Duration(s):0.8644578456878662
2025-02-14 11:47:49 - INFO - Mission(扫码) Ready
2025-02-14 11:47:54 - ERROR - Mission(扫码) Run Error
Traceback (most recent call last):
  File "/home/zhang/Logistic_Robot2025/proj/mission/Setup.py", line 184, in Run
    self.Run_func(self)
  File "/home/zhang/Logistic_Robot2025/proj/mission/Mission_Function.py", line 240, in Scan_QRcode_Func
    raise TimeoutError("Mission({}) 扫码超时".format(self.Name))
TimeoutError: Mission(扫码) 扫码超时

2025-02-14 11:47:54 - INFO - Mission(扫码) End, Duration(s):5.033873796463013
2025-02-14 11:47:54 - INFO - Mission(视频帧捕获) Cap Released
2025-02-14 11:47:54 - INFO - Mission(视频帧捕获) End, Duration(s):12.791457891464233
2025-02-14 11:47:54 - INFO - Mission(视频帧标记+显示) Windows Closed
2025-02-14 11:47:54 - INFO - Mission(视频帧标记+显示) End, Duration(s):12.795469760894775
2025-02-14 11:47:54 - INFO - Mission(视频帧保存) VideoWriter Released
2025-02-14 11:47:54 - INFO - Mission(视频帧保存) End, Duration(s):6.052035808563232
2025-02-14 11:47:54 - INFO - Mission(MissionManager) End, Duration(s):12.847539901733398
2025-02-14 11:50:24 - INFO - Manipulator: link_lengths:(65, 130, 130); actuator_offsets:(71, -21.12, 0)
2025-02-14 11:50:24 - INFO - Video Capture: width=640, height=480, fps=30.0
2025-02-14 11:50:24 - INFO - Mission(MissionManager) Ready
2025-02-14 11:50:24 - INFO - Mission(视频帧捕获) Ready
2025-02-14 11:50:24 - INFO - Mission(待机) Ready
2025-02-14 11:50:24 - INFO - Mission(视频帧标记+显示) Ready
2025-02-14 11:50:25 - INFO - (myManipulator) 开始移动
2025-02-14 11:50:25 - INFO - (myManipulator) 到达目标点:(170, 0, 44)
2025-02-14 11:50:29 - INFO - (myManipulator) 执行动作组:scan_qrcode
2025-02-14 11:50:30 - INFO - (myManipulator) 动作组执行完毕
2025-02-14 11:50:30 - INFO - Mission(待机) End, Duration(s):5.6946258544921875
2025-02-14 11:50:30 - INFO - Mission(视频帧保存) Ready
2025-02-14 11:50:30 - INFO - Mission(启停区出发) Ready
2025-02-14 11:50:31 - INFO - Mission(启停区出发) End, Duration(s):0.8645727634429932
2025-02-14 11:50:31 - INFO - Mission(扫码) Ready
2025-02-14 11:50:35 - INFO - Mission(扫码) 检测到可识别码
2025-02-14 11:50:35 - INFO - Mission(扫码) code_data: 123+321
2025-02-14 11:50:35 - INFO - Mission(扫码) 装载任务码: [[1, 2, 3], [3, 2, 1]]
2025-02-14 11:50:35 - INFO - Mission(扫码) End, Duration(s):3.5357985496520996
2025-02-14 11:50:35 - INFO - Mission(扫码->原料) Ready
2025-02-14 11:50:36 - INFO - Mission(扫码->原料) End, Duration(s):0.9678184986114502
2025-02-14 11:50:36 - INFO - Mission(视频帧捕获) Cap Released
2025-02-14 11:50:36 - INFO - Mission(视频帧捕获) End, Duration(s):11.194810152053833
2025-02-14 11:50:36 - INFO - Mission(视频帧标记+显示) Windows Closed
2025-02-14 11:50:36 - INFO - Mission(视频帧标记+显示) End, Duration(s):11.201875448226929
2025-02-14 11:50:36 - INFO - Mission(视频帧保存) VideoWriter Released
2025-02-14 11:50:36 - INFO - Mission(视频帧保存) End, Duration(s):5.504599332809448
2025-02-14 11:50:36 - INFO - Mission(MissionManager) End, Duration(s):11.207275867462158
2025-02-14 11:53:04 - INFO - Manipulator: link_lengths:(65, 130, 130); actuator_offsets:(71, -21.12, 0)
2025-02-14 11:53:04 - INFO - Video Capture: width=640, height=480, fps=30.0
2025-02-14 11:53:04 - INFO - Mission(MissionManager) Ready
2025-02-14 11:53:04 - INFO - Mission(视频帧捕获) Ready
2025-02-14 11:53:04 - INFO - Mission(待机) Ready
2025-02-14 11:53:04 - INFO - Mission(视频帧标记+显示) Ready
2025-02-14 11:53:04 - INFO - (myManipulator) 开始移动
2025-02-14 11:53:05 - INFO - (myManipulator) 到达目标点:(170, 0, 44)
2025-02-14 11:53:09 - INFO - (myManipulator) 执行动作组:scan_qrcode
2025-02-14 11:53:10 - INFO - (myManipulator) 动作组执行完毕
2025-02-14 11:53:10 - INFO - Mission(待机) End, Duration(s):6.623218536376953
2025-02-14 11:53:10 - INFO - Mission(视频帧保存) Ready
2025-02-14 11:53:10 - INFO - Mission(启停区出发) Ready
2025-02-14 11:53:11 - INFO - Mission(启停区出发) End, Duration(s):0.8685472011566162
2025-02-14 11:53:11 - INFO - Mission(扫码) Ready
2025-02-14 11:53:16 - ERROR - Mission(扫码) Run Error
Traceback (most recent call last):
  File "/home/zhang/Logistic_Robot2025/proj/mission/Setup.py", line 184, in Run
    self.Run_func(self)
  File "/home/zhang/Logistic_Robot2025/proj/mission/Mission_Function.py", line 240, in Scan_QRcode_Func
    raise TimeoutError("Mission({}) 扫码超时".format(self.Name))
TimeoutError: Mission(扫码) 扫码超时

2025-02-14 11:53:16 - INFO - Mission(扫码) End, Duration(s):5.033769130706787
2025-02-14 11:53:16 - INFO - Mission(视频帧捕获) Cap Released
2025-02-14 11:53:16 - INFO - Mission(视频帧捕获) End, Duration(s):12.650606393814087
2025-02-14 11:53:16 - INFO - Mission(视频帧标记+显示) Windows Closed
2025-02-14 11:53:16 - INFO - Mission(视频帧标记+显示) End, Duration(s):12.653871774673462
2025-02-14 11:53:16 - INFO - Mission(视频帧保存) VideoWriter Released
2025-02-14 11:53:16 - INFO - Mission(视频帧保存) End, Duration(s):6.044852018356323
2025-02-14 11:53:16 - INFO - Mission(MissionManager) End, Duration(s):12.677275896072388
2025-02-14 11:58:01 - INFO - Manipulator: link_lengths:(65, 130, 130); actuator_offsets:(71, -21.12, 0)
2025-02-14 11:58:01 - INFO - Video Capture: width=640, height=480, fps=30.0
2025-02-14 11:58:01 - INFO - Mission(MissionManager) Ready
2025-02-14 11:58:01 - INFO - Mission(视频帧捕获) Ready
2025-02-14 11:58:01 - INFO - Mission(扫码) Ready
2025-02-14 11:58:01 - INFO - Mission(视频帧标记+显示) Ready
2025-02-14 11:58:01 - INFO - Mission(视频帧保存) Ready
2025-02-14 11:58:03 - INFO - Mission(扫码) 检测到可识别码
2025-02-14 11:58:03 - INFO - Mission(扫码) code_data: 123+321
2025-02-14 11:58:03 - INFO - Mission(扫码) 装载任务码: [[1, 2, 3], [3, 2, 1]]
2025-02-14 11:58:04 - INFO - Mission(扫码) End, Duration(s):2.6551051139831543
2025-02-14 11:58:04 - INFO - Mission(视频帧捕获) Cap Released
2025-02-14 11:58:04 - INFO - Mission(视频帧捕获) End, Duration(s):2.725137948989868
2025-02-14 11:58:04 - INFO - Mission(视频帧标记+显示) Windows Closed
2025-02-14 11:58:04 - INFO - Mission(视频帧标记+显示) End, Duration(s):2.7276010513305664
2025-02-14 11:58:04 - INFO - Mission(视频帧保存) VideoWriter Released
2025-02-14 11:58:04 - INFO - Mission(视频帧保存) End, Duration(s):2.7294180393218994
2025-02-14 11:58:04 - INFO - Mission(MissionManager) End, Duration(s):2.7305991649627686
2025-02-14 11:58:22 - INFO - Manipulator: link_lengths:(65, 130, 130); actuator_offsets:(71, -21.12, 0)
2025-02-14 11:58:22 - INFO - Video Capture: width=640, height=480, fps=30.0
2025-02-14 11:58:22 - INFO - Mission(MissionManager) Ready
2025-02-14 11:58:22 - INFO - Mission(视频帧捕获) Ready
2025-02-14 11:58:22 - INFO - Mission(扫码) Ready
2025-02-14 11:58:22 - INFO - Mission(视频帧标记+显示) Ready
2025-02-14 11:58:22 - INFO - Mission(视频帧保存) Ready
2025-02-14 11:58:30 - INFO - Mission(扫码) 检测到可识别码
2025-02-14 11:58:30 - INFO - Mission(扫码) code_data: 123+321
2025-02-14 11:58:30 - INFO - Mission(扫码) 装载任务码: [[1, 2, 3], [3, 2, 1]]
2025-02-14 11:58:30 - INFO - Mission(扫码) End, Duration(s):8.254586458206177
2025-02-14 11:58:30 - INFO - Mission(视频帧捕获) Cap Released
2025-02-14 11:58:30 - INFO - Mission(视频帧捕获) End, Duration(s):8.316878080368042
2025-02-14 11:58:30 - INFO - Mission(视频帧标记+显示) Windows Closed
2025-02-14 11:58:30 - INFO - Mission(视频帧标记+显示) End, Duration(s):8.319480657577515
2025-02-14 11:58:30 - INFO - Mission(视频帧保存) VideoWriter Released
2025-02-14 11:58:30 - INFO - Mission(视频帧保存) End, Duration(s):8.399183988571167
2025-02-14 11:58:30 - INFO - Mission(MissionManager) End, Duration(s):8.400686502456665
2025-02-14 12:02:02 - INFO - Manipulator: link_lengths:(65, 130, 130); actuator_offsets:(71, -21.12, 0)
2025-02-14 12:02:02 - INFO - Video Capture: width=640, height=480, fps=30.0
2025-02-14 12:02:02 - INFO - Mission(MissionManager) Ready
2025-02-14 12:02:02 - INFO - Mission(视频帧捕获) Ready
2025-02-14 12:02:02 - INFO - Mission(待机) Ready
2025-02-14 12:02:02 - INFO - Mission(视频帧标记+显示) Ready
2025-02-14 12:02:02 - INFO - (myManipulator) 开始移动
2025-02-14 12:02:03 - INFO - (myManipulator) 到达目标点:(190, 0, 5)
2025-02-14 12:02:07 - INFO - (myManipulator) 执行动作组:scan_qrcode
2025-02-14 12:02:08 - INFO - (myManipulator) 动作组执行完毕
2025-02-14 12:02:08 - INFO - Mission(待机) End, Duration(s):6.256608963012695
2025-02-14 12:02:08 - INFO - Mission(视频帧保存) Ready
2025-02-14 12:02:08 - INFO - Mission(启停区出发) Ready
2025-02-14 12:02:09 - INFO - Mission(启停区出发) End, Duration(s):0.8684215545654297
2025-02-14 12:02:09 - INFO - Mission(扫码) Ready
2025-02-14 12:02:14 - INFO - Mission(扫码) 检测到可识别码
2025-02-14 12:02:14 - INFO - Mission(扫码) code_data: 123+321
2025-02-14 12:02:14 - INFO - Mission(扫码) 装载任务码: [[1, 2, 3], [3, 2, 1]]
2025-02-14 12:02:14 - INFO - Mission(扫码) End, Duration(s):4.5684874057769775
2025-02-14 12:02:14 - INFO - Mission(扫码->原料) Ready
2025-02-14 12:02:15 - INFO - Mission(扫码->原料) End, Duration(s):0.9680936336517334
2025-02-14 12:02:15 - INFO - Mission(视频帧捕获) Cap Released
2025-02-14 12:02:15 - INFO - Mission(视频帧捕获) End, Duration(s):12.795311450958252
2025-02-14 12:02:15 - INFO - Mission(视频帧标记+显示) Windows Closed
2025-02-14 12:02:15 - INFO - Mission(视频帧标记+显示) End, Duration(s):12.79958438873291
2025-02-14 12:02:15 - INFO - Mission(视频帧保存) VideoWriter Released
2025-02-14 12:02:15 - INFO - Mission(视频帧保存) End, Duration(s):6.5424158573150635
2025-02-14 12:02:15 - INFO - Mission(MissionManager) End, Duration(s):12.807104587554932
2025-02-14 12:06:03 - INFO - Manipulator: link_lengths:(65, 130, 130); actuator_offsets:(71, -21.12, 0)
2025-02-14 12:06:03 - INFO - Video Capture: width=640, height=480, fps=30.0
2025-02-14 12:06:03 - INFO - Mission(MissionManager) Ready
2025-02-14 12:06:03 - INFO - Mission(视频帧捕获) Ready
2025-02-14 12:06:03 - INFO - Mission(待机) Ready
2025-02-14 12:06:03 - INFO - Mission(视频帧标记+显示) Ready
2025-02-14 12:06:03 - INFO - (myManipulator) 开始移动
2025-02-14 12:06:04 - INFO - (myManipulator) 到达目标点:(190, 0, 5)
2025-02-14 12:06:08 - INFO - (myManipulator) 执行动作组:scan_qrcode
2025-02-14 12:06:08 - INFO - (myManipulator) 动作组执行完毕
2025-02-14 12:06:09 - INFO - Mission(待机) End, Duration(s):5.755253314971924
2025-02-14 12:06:09 - INFO - Mission(视频帧保存) Ready
2025-02-14 12:06:09 - INFO - Mission(启停区出发) Ready
2025-02-14 12:06:10 - INFO - Mission(启停区出发) End, Duration(s):0.8645145893096924
2025-02-14 12:06:10 - INFO - Mission(扫码) Ready
2025-02-14 12:06:14 - INFO - Mission(扫码) 检测到可识别码
2025-02-14 12:06:14 - INFO - Mission(扫码) code_data: 123+321
2025-02-14 12:06:14 - INFO - Mission(扫码) 装载任务码: [[1, 2, 3], [3, 2, 1]]
2025-02-14 12:06:14 - INFO - Mission(扫码) End, Duration(s):4.464561223983765
2025-02-14 12:06:14 - INFO - Mission(扫码->原料) Ready
2025-02-14 12:06:15 - INFO - Mission(扫码->原料) End, Duration(s):0.9640579223632812
2025-02-14 12:06:15 - INFO - Mission(视频帧捕获) Cap Released
2025-02-14 12:06:15 - INFO - Mission(视频帧捕获) End, Duration(s):12.203222274780273
2025-02-14 12:06:15 - INFO - Mission(视频帧标记+显示) Windows Closed
2025-02-14 12:06:15 - INFO - Mission(视频帧标记+显示) End, Duration(s):12.20746898651123
2025-02-14 12:06:15 - INFO - Mission(视频帧保存) VideoWriter Released
2025-02-14 12:06:15 - INFO - Mission(视频帧保存) End, Duration(s):6.452633380889893
2025-02-14 12:06:15 - INFO - Mission(MissionManager) End, Duration(s):12.214966058731079
2025-02-14 12:09:57 - INFO - Manipulator: link_lengths:(65, 130, 130); actuator_offsets:(71, -21.12, 0)
2025-02-14 12:09:57 - INFO - Video Capture: width=640, height=480, fps=30.0
2025-02-14 12:09:57 - INFO - Mission(MissionManager) Ready
2025-02-14 12:09:57 - INFO - Mission(视频帧捕获) Ready
2025-02-14 12:09:57 - INFO - Mission(待机) Ready
2025-02-14 12:09:57 - INFO - Mission(视频帧标记+显示) Ready
2025-02-14 12:09:57 - INFO - (myManipulator) 开始移动
2025-02-14 12:09:58 - INFO - (myManipulator) 到达目标点:(190, 0, 5)
2025-02-14 12:09:58 - INFO - (myManipulator) 夹爪张开
2025-02-14 12:10:02 - INFO - (myManipulator) 执行动作组:scan_qrcode
2025-02-14 12:10:02 - INFO - (myManipulator) 动作组执行完毕
2025-02-14 12:10:02 - INFO - Mission(待机) End, Duration(s):5.555730819702148
2025-02-14 12:10:02 - INFO - Mission(视频帧保存) Ready
2025-02-14 12:10:02 - INFO - Mission(启停区出发) Ready
2025-02-14 12:10:03 - INFO - Mission(启停区出发) End, Duration(s):0.868427038192749
2025-02-14 12:10:03 - INFO - Mission(扫码) Ready
2025-02-14 12:10:08 - INFO - Mission(扫码) 检测到可识别码
2025-02-14 12:10:08 - INFO - Mission(扫码) code_data: 123+321
2025-02-14 12:10:08 - INFO - Mission(扫码) 装载任务码: [[1, 2, 3], [3, 2, 1]]
2025-02-14 12:10:08 - INFO - Mission(扫码) End, Duration(s):4.768271207809448
2025-02-14 12:10:08 - INFO - Mission(扫码->原料) Ready
2025-02-14 12:10:09 - INFO - Mission(扫码->原料) End, Duration(s):0.9681718349456787
2025-02-14 12:10:09 - INFO - Mission(视频帧捕获) Cap Released
2025-02-14 12:10:09 - INFO - Mission(视频帧捕获) End, Duration(s):12.31690788269043
2025-02-14 12:10:09 - INFO - Mission(视频帧标记+显示) Windows Closed
2025-02-14 12:10:09 - INFO - Mission(视频帧标记+显示) End, Duration(s):12.320320844650269
2025-02-14 12:10:09 - INFO - Mission(视频帧保存) VideoWriter Released
2025-02-14 12:10:09 - INFO - Mission(视频帧保存) End, Duration(s):6.776352643966675
2025-02-14 12:10:09 - INFO - Mission(MissionManager) End, Duration(s):12.341545581817627
2025-02-14 12:10:46 - INFO - Manipulator: link_lengths:(65, 130, 130); actuator_offsets:(71, -21.12, 0)
2025-02-14 12:10:47 - INFO - Video Capture: width=640, height=480, fps=30.0
2025-02-14 12:10:47 - INFO - Mission(MissionManager) Ready
2025-02-14 12:10:47 - INFO - Mission(视频帧捕获) Ready
2025-02-14 12:10:47 - INFO - Mission(待机) Ready
2025-02-14 12:10:47 - INFO - Mission(视频帧标记+显示) Ready
2025-02-14 12:10:47 - INFO - (myManipulator) 开始移动
2025-02-14 12:10:47 - INFO - (myManipulator) 到达目标点:(190, 0, 5)
2025-02-14 12:10:47 - INFO - (myManipulator) 夹爪张开
2025-02-14 12:10:51 - INFO - (myManipulator) 执行动作组:scan_qrcode
2025-02-14 12:10:51 - INFO - (myManipulator) 动作组执行完毕
2025-02-14 12:10:52 - INFO - Mission(待机) End, Duration(s):4.956240892410278
2025-02-14 12:10:52 - INFO - Mission(视频帧保存) Ready
2025-02-14 12:10:52 - INFO - Mission(启停区出发) Ready
2025-02-14 12:10:53 - INFO - Mission(启停区出发) End, Duration(s):0.868537425994873
2025-02-14 12:10:53 - INFO - Mission(扫码) Ready
2025-02-14 12:10:57 - INFO - Mission(扫码) 检测到可识别码
2025-02-14 12:10:57 - INFO - Mission(扫码) code_data: 123+321
2025-02-14 12:10:57 - INFO - Mission(扫码) 装载任务码: [[1, 2, 3], [3, 2, 1]]
2025-02-14 12:10:57 - INFO - Mission(扫码) End, Duration(s):4.432811498641968
2025-02-14 12:10:57 - INFO - Mission(扫码->原料) Ready
2025-02-14 12:10:58 - INFO - Mission(扫码->原料) End, Duration(s):0.9638657569885254
2025-02-14 12:10:58 - INFO - Mission(视频帧捕获) Cap Released
2025-02-14 12:10:58 - INFO - Mission(视频帧捕获) End, Duration(s):11.38428020477295
2025-02-14 12:10:58 - INFO - Mission(视频帧标记+显示) Windows Closed
2025-02-14 12:10:58 - INFO - Mission(视频帧标记+显示) End, Duration(s):11.387563228607178
2025-02-14 12:10:58 - INFO - Mission(视频帧保存) VideoWriter Released
2025-02-14 12:10:58 - INFO - Mission(视频帧保存) End, Duration(s):6.4456236362457275
2025-02-14 12:10:58 - INFO - Mission(MissionManager) End, Duration(s):11.41019344329834
2025-02-14 12:15:12 - INFO - Manipulator: link_lengths:(65, 130, 130); actuator_offsets:(71, -21.12, 0)
2025-02-14 12:15:12 - INFO - Video Capture: width=640, height=480, fps=30.0
2025-02-14 12:15:12 - INFO - Mission(MissionManager) Ready
2025-02-14 12:15:12 - INFO - Mission(视频帧捕获) Ready
2025-02-14 12:15:12 - INFO - Mission(待机) Ready
2025-02-14 12:15:12 - INFO - Mission(视频帧标记+显示) Ready
2025-02-14 12:15:12 - INFO - (myManipulator) 开始移动
2025-02-14 12:15:13 - INFO - (myManipulator) 到达目标点:(190, 0, 5)
2025-02-14 12:15:13 - INFO - (myManipulator) 夹爪张开
2025-02-14 12:15:16 - INFO - (myManipulator) 执行动作组:scan_qrcode
2025-02-14 12:15:16 - INFO - (myManipulator) 动作组执行完毕
2025-02-14 12:15:17 - INFO - Mission(待机) End, Duration(s):5.058331489562988
2025-02-14 12:15:17 - INFO - Mission(视频帧保存) Ready
2025-02-14 12:15:17 - INFO - Mission(启停区出发) Ready
2025-02-14 12:15:18 - INFO - Mission(启停区出发) End, Duration(s):0.868229866027832
2025-02-14 12:15:18 - INFO - Mission(扫码) Ready
2025-02-14 12:15:22 - INFO - Mission(扫码) 检测到可识别码
2025-02-14 12:15:22 - INFO - Mission(扫码) code_data: 123+321
2025-02-14 12:15:22 - INFO - Mission(扫码) 装载任务码: [[1, 2, 3], [3, 2, 1]]
2025-02-14 12:15:22 - INFO - Mission(扫码) End, Duration(s):4.56841778755188
2025-02-14 12:15:22 - INFO - Mission(扫码->原料) Ready
2025-02-14 12:15:25 - INFO - Mission(扫码->原料) End, Duration(s):2.1321232318878174
2025-02-14 12:15:25 - INFO - Mission(视频帧捕获) Cap Released
2025-02-14 12:15:25 - INFO - Mission(视频帧捕获) End, Duration(s):12.788229703903198
2025-02-14 12:15:25 - INFO - Mission(视频帧标记+显示) Windows Closed
2025-02-14 12:15:25 - INFO - Mission(视频帧标记+显示) End, Duration(s):12.792835235595703
2025-02-14 12:15:25 - INFO - Mission(视频帧保存) VideoWriter Released
2025-02-14 12:15:25 - INFO - Mission(视频帧保存) End, Duration(s):7.753762245178223
2025-02-14 12:15:25 - INFO - Mission(MissionManager) End, Duration(s):12.820098876953125
2025-02-14 12:17:09 - INFO - Manipulator: link_lengths:(65, 130, 130); actuator_offsets:(71, -21.12, 0)
2025-02-14 12:17:09 - INFO - Video Capture: width=640, height=480, fps=30.0
2025-02-14 12:17:09 - INFO - Mission(MissionManager) Ready
2025-02-14 12:17:09 - INFO - Mission(视频帧捕获) Ready
2025-02-14 12:17:09 - INFO - Mission(待机) Ready
2025-02-14 12:17:09 - INFO - Mission(视频帧标记+显示) Ready
2025-02-14 12:17:09 - INFO - (myManipulator) 开始移动
2025-02-14 12:17:10 - INFO - (myManipulator) 到达目标点:(190, 0, 5)
2025-02-14 12:17:10 - INFO - (myManipulator) 夹爪张开
2025-02-14 12:17:14 - INFO - (myManipulator) 执行动作组:scan_qrcode
2025-02-14 12:17:15 - INFO - (myManipulator) 动作组执行完毕
2025-02-14 12:17:15 - INFO - Mission(待机) End, Duration(s):6.057804346084595
2025-02-14 12:17:15 - INFO - Mission(视频帧保存) Ready
2025-02-14 12:17:15 - INFO - Mission(启停区出发) Ready
2025-02-14 12:17:16 - INFO - Mission(启停区出发) End, Duration(s):0.868553876876831
2025-02-14 12:17:16 - INFO - Mission(扫码) Ready
2025-02-14 12:17:21 - INFO - Mission(扫码) 检测到可识别码
2025-02-14 12:17:21 - INFO - Mission(扫码) code_data: 123+321
2025-02-14 12:17:21 - INFO - Mission(扫码) 装载任务码: [[1, 2, 3], [3, 2, 1]]
2025-02-14 12:17:21 - INFO - Mission(扫码) End, Duration(s):4.500452280044556
2025-02-14 12:17:21 - INFO - Mission(扫码->原料) Ready
2025-02-14 12:17:24 - INFO - Mission(扫码->原料) End, Duration(s):3.1001532077789307
2025-02-14 12:17:24 - INFO - Mission(视频帧捕获) Cap Released
2025-02-14 12:17:24 - INFO - Mission(视频帧捕获) End, Duration(s):14.65935206413269
2025-02-14 12:17:24 - INFO - Mission(视频帧标记+显示) Windows Closed
2025-02-14 12:17:24 - INFO - Mission(视频帧标记+显示) End, Duration(s):14.663638830184937
2025-02-14 12:17:24 - INFO - Mission(视频帧保存) VideoWriter Released
2025-02-14 12:17:24 - INFO - Mission(视频帧保存) End, Duration(s):8.630423069000244
2025-02-14 12:17:24 - INFO - Mission(MissionManager) End, Duration(s):14.69748306274414
