2025-02-08 16:48:27 - INFO - Video Capture: width=640, height=480, fps=30.0
2025-02-08 16:48:28 - INFO - Mission(MissionManager) Ready
2025-02-08 16:48:28 - INFO - Mission(视频帧捕获) Ready
2025-02-08 16:48:28 - INFO - Mission(二值化调参) Ready
2025-02-08 16:48:28 - INFO - Mission(视频帧标记+显示) Ready
2025-02-08 16:48:28 - INFO - Mission(二值化调参) B通道,当前阈值:(0,255)
2025-02-08 16:48:28 - ERROR - Mission(二值化调参) Run Error
Traceback (most recent call last):
  File "/home/zhang/Logistic_Robot2025/proj/mission/Setup.py", line 177, in Run
    self.Run_func(self)
  File "/home/zhang/Logistic_Robot2025/proj/mission/Mission_Function.py", line 637, in Thresholding_Test_Func
    frame_processed=video.Make_Thumbnails(frame_processed)
AttributeError: 'list' object has no attribute 'Make_Thumbnails'

2025-02-08 16:48:28 - INFO - Mission(二值化调参) End, Duration(s):0.32903075218200684
2025-02-08 16:48:28 - INFO - Mission(视频帧捕获) Cap Released
2025-02-08 16:48:28 - INFO - Mission(视频帧捕获) End, Duration(s):0.38376784324645996
2025-02-08 16:48:28 - INFO - Mission(视频帧标记+显示) Windows Closed
2025-02-08 16:48:28 - INFO - Mission(视频帧标记+显示) End, Duration(s):0.38727569580078125
2025-02-08 16:48:28 - INFO - Mission(视频帧保存) VideoWriter Released
2025-02-08 16:48:28 - INFO - Mission(视频帧保存) End, Duration(s):0.0
2025-02-08 16:48:28 - INFO - Mission(MissionManager) End, Duration(s):0.39378905296325684
2025-02-08 16:49:25 - INFO - Video Capture: width=640, height=480, fps=30.0
2025-02-08 16:49:25 - INFO - Mission(MissionManager) Ready
2025-02-08 16:49:25 - INFO - Mission(视频帧捕获) Ready
2025-02-08 16:49:25 - INFO - Mission(二值化调参) Ready
2025-02-08 16:49:25 - INFO - Mission(视频帧标记+显示) Ready
2025-02-08 16:49:26 - INFO - Mission(二值化调参) B通道,当前阈值:(0,255)
2025-02-08 16:49:44 - INFO - Mission(二值化调参) 已保存当前帧为图片frame_captured_0.png
2025-02-08 16:49:47 - INFO - Mission(二值化调参) 测试结束,阈值:[[  0   0 170]
 [255 144 255]]
2025-02-08 16:49:47 - INFO - Mission(二值化调参) End, Duration(s):21.036621809005737
2025-02-08 16:49:47 - INFO - Mission(视频帧捕获) Cap Released
2025-02-08 16:49:47 - INFO - Mission(视频帧捕获) End, Duration(s):21.06930947303772
2025-02-08 16:49:47 - INFO - Mission(视频帧标记+显示) Windows Closed
2025-02-08 16:49:47 - INFO - Mission(视频帧标记+显示) End, Duration(s):21.071818828582764
2025-02-08 16:49:47 - INFO - Mission(视频帧保存) VideoWriter Released
2025-02-08 16:49:47 - INFO - Mission(视频帧保存) End, Duration(s):0.0
2025-02-08 16:49:47 - INFO - Mission(MissionManager) End, Duration(s):21.073883533477783
2025-02-08 17:24:42 - INFO - Video Capture: width=640, height=480, fps=30.0
2025-02-08 17:24:42 - INFO - Mission(MissionManager) Ready
2025-02-08 17:24:42 - INFO - Mission(视频帧捕获) Ready
2025-02-08 17:24:42 - INFO - Mission(二值化调参) Ready
2025-02-08 17:24:42 - INFO - Mission(视频帧标记+显示) Ready
2025-02-08 17:24:42 - INFO - Mission(二值化调参) B通道,当前阈值:(0,255)
2025-02-08 17:26:42 - INFO - Mission(二值化调参) 测试结束,阈值:[[  0   0 170]
 [175 144 255]]
2025-02-08 17:26:42 - INFO - Mission(二值化调参) End, Duration(s):120.20641660690308
2025-02-08 17:26:42 - INFO - Mission(视频帧捕获) Cap Released
2025-02-08 17:26:42 - INFO - Mission(视频帧捕获) End, Duration(s):120.25375723838806
2025-02-08 17:26:42 - INFO - Mission(视频帧标记+显示) Windows Closed
2025-02-08 17:26:42 - INFO - Mission(视频帧标记+显示) End, Duration(s):120.25704073905945
2025-02-08 17:26:42 - INFO - Mission(视频帧保存) VideoWriter Released
2025-02-08 17:26:42 - INFO - Mission(视频帧保存) End, Duration(s):0.0
2025-02-08 17:26:42 - INFO - Mission(MissionManager) End, Duration(s):120.259934425354
2025-02-08 17:31:58 - INFO - Video Capture: width=640, height=480, fps=30.0
2025-02-08 17:31:59 - INFO - Mission(MissionManager) Ready
2025-02-08 17:31:59 - INFO - Mission(视频帧捕获) Ready
2025-02-08 17:31:59 - INFO - Mission(二值化调参) Ready
2025-02-08 17:31:59 - INFO - Mission(视频帧标记+显示) Ready
2025-02-08 17:31:59 - INFO - Mission(二值化调参) B通道,当前阈值:(0,255)
2025-02-08 17:35:35 - INFO - Mission(二值化调参) 测试结束,阈值:[[  0   0 170]
 [255 144 209]]
2025-02-08 17:35:35 - INFO - Mission(二值化调参) End, Duration(s):216.44964718818665
2025-02-08 17:41:09 - INFO - Video Capture: width=640, height=480, fps=30.0
2025-02-08 17:41:09 - INFO - Mission(MissionManager) Ready
2025-02-08 17:41:09 - INFO - Mission(视频帧捕获) Ready
2025-02-08 17:41:09 - INFO - Mission(二值化调参) Ready
2025-02-08 17:41:09 - INFO - Mission(视频帧标记+显示) Ready
2025-02-08 17:41:09 - INFO - Mission(二值化调参) B通道,当前阈值:(0,255)
2025-02-08 17:41:10 - INFO - Mission(二值化调参) 测试结束,阈值:[[  0   0 170]
 [255 144 255]]
2025-02-08 17:41:10 - INFO - Mission(二值化调参) End, Duration(s):1.4601118564605713
2025-02-08 17:42:07 - INFO - Video Capture: width=640, height=480, fps=30.0
2025-02-08 17:42:07 - INFO - Mission(MissionManager) Ready
2025-02-08 17:42:07 - INFO - Mission(视频帧捕获) Ready
2025-02-08 17:42:07 - INFO - Mission(二值化调参) Ready
2025-02-08 17:42:07 - INFO - Mission(视频帧标记+显示) Ready
2025-02-08 17:42:08 - INFO - Mission(二值化调参) B通道,当前阈值:(0,255)
2025-02-08 17:42:12 - INFO - Mission(二值化调参) 测试结束,阈值:[[  0   0 170]
 [255 144 255]]
2025-02-08 17:42:12 - INFO - Mission(二值化调参) End, Duration(s):4.361558675765991
2025-02-08 17:42:12 - INFO - Mission(视频帧捕获) Cap Released
2025-02-08 17:42:12 - INFO - Mission(视频帧捕获) End, Duration(s):4.409259557723999
2025-02-08 17:42:12 - INFO - Mission(视频帧标记+显示) Windows Closed
2025-02-08 17:42:12 - INFO - Mission(视频帧标记+显示) End, Duration(s):4.412272930145264
2025-02-08 17:42:12 - INFO - Mission(视频帧保存) VideoWriter Released
2025-02-08 17:42:12 - INFO - Mission(视频帧保存) End, Duration(s):0.0
2025-02-08 17:42:12 - INFO - Mission(MissionManager) End, Duration(s):4.414733648300171
