2025-02-06 13:15:38 - INFO - Video Capture: width=640, height=480, fps=30.0
2025-02-06 13:15:38 - INFO - Mission(MissionManager) Ready
2025-02-06 13:15:38 - INFO - Mission(视频帧捕获) Ready
2025-02-06 13:15:38 - INFO - Mission(二值化调参) Ready
2025-02-06 13:15:38 - INFO - Mission(视频帧标记+显示) Ready
2025-02-06 13:15:39 - INFO - Mission(二值化调参) B通道,当前阈值:(0,255)
2025-02-06 13:15:40 - ERROR - Mission(视频帧标记+显示) Run Error: Frame_Mark_Save: Keyboard Interrupt
Traceback:
Traceback (most recent call last):
  File "/home/zhang/Logistic_Robot2025/proj/mission/Setup.py", line 177, in Run
    self.Run_func(self)
  File "/home/zhang/Logistic_Robot2025/proj/mission/Mission_Function.py", line 74, in Frame_Mark_Display_Func
    raise Exception("Frame_Mark_Save: Keyboard Interrupt")
Exception: Frame_Mark_Save: Keyboard Interrupt

2025-02-06 13:15:40 - INFO - Mission(视频帧标记+显示) End, Duration(s):1.7956855297088623
2025-02-06 13:15:40 - INFO - Mission(视频帧捕获) Cap Released
2025-02-06 13:15:40 - INFO - Mission(视频帧捕获) End, Duration(s):1.8511593341827393
2025-02-06 13:15:40 - INFO - Mission(视频帧标记+显示) Windows Closed
2025-02-06 13:15:40 - INFO - Mission(视频帧标记+显示) End, Duration(s):1.8539173603057861
2025-02-06 13:15:40 - INFO - Mission(视频帧保存) VideoWriter Released
2025-02-06 13:15:40 - INFO - Mission(视频帧保存) End, Duration(s):0.0
2025-02-06 13:15:40 - INFO - Mission(MissionManager) End, Duration(s):1.8564503192901611
2025-02-06 13:18:01 - INFO - Video Capture: width=640, height=480, fps=30.0
2025-02-06 13:18:01 - INFO - Mission(MissionManager) Ready
2025-02-06 13:18:01 - INFO - Mission(视频帧捕获) Ready
2025-02-06 13:18:01 - INFO - Mission(二值化调参) Ready
2025-02-06 13:18:01 - INFO - Mission(视频帧标记+显示) Ready
2025-02-06 13:18:01 - INFO - Mission(二值化调参) B通道,当前阈值:(0,255)
2025-02-06 13:18:03 - ERROR - Mission(视频帧标记+显示) Run Error
Traceback (most recent call last):
  File "/home/zhang/Logistic_Robot2025/proj/mission/Setup.py", line 177, in Run
    self.Run_func(self)
  File "/home/zhang/Logistic_Robot2025/proj/mission/Mission_Function.py", line 74, in Frame_Mark_Display_Func
    raise Exception("Frame_Mark_Save: Keyboard Interrupt")
Exception: Frame_Mark_Save: Keyboard Interrupt

2025-02-06 13:18:03 - INFO - Mission(视频帧标记+显示) End, Duration(s):2.2645063400268555
2025-02-06 13:18:03 - INFO - Mission(视频帧捕获) Cap Released
2025-02-06 13:18:03 - INFO - Mission(视频帧捕获) End, Duration(s):2.3257851600646973
2025-02-06 13:18:03 - INFO - Mission(视频帧标记+显示) Windows Closed
2025-02-06 13:18:03 - INFO - Mission(视频帧标记+显示) End, Duration(s):2.329808473587036
2025-02-06 13:18:03 - INFO - Mission(视频帧保存) VideoWriter Released
2025-02-06 13:18:03 - INFO - Mission(视频帧保存) End, Duration(s):0.0
2025-02-06 13:18:03 - INFO - Mission(MissionManager) End, Duration(s):2.3315770626068115
2025-02-06 15:17:43 - INFO - Video Capture: width=640, height=480, fps=30.0
2025-02-06 15:17:43 - INFO - Mission(MissionManager) Ready
2025-02-06 15:17:43 - INFO - Mission(视频帧捕获) Ready
2025-02-06 15:17:43 - INFO - Mission(二值化调参) Ready
2025-02-06 15:17:43 - INFO - Mission(视频帧标记+显示) Ready
2025-02-06 15:17:43 - INFO - Mission(二值化调参) B通道,当前阈值:(0,255)
2025-02-06 15:17:47 - INFO - Mission(二值化调参) G通道,当前阈值:(0,255)
2025-02-06 15:17:48 - INFO - Mission(二值化调参) R通道,当前阈值:(0,144)
2025-02-06 15:17:49 - INFO - Mission(二值化调参) 灰度模式
2025-02-06 15:17:54 - ERROR - Mission(二值化调参) Run Error
Traceback (most recent call last):
  File "/home/zhang/Logistic_Robot2025/proj/mission/Setup.py", line 177, in Run
    self.Run_func(self)
  File "/home/zhang/Logistic_Robot2025/proj/mission/Mission_Function.py", line 665, in Thresholding_Test_Func
    self.Output("Mission({}) 测试结束,阈值:{}".format(self.Name,th_3channals),INFO)
UnboundLocalError: local variable 'th_3channals' referenced before assignment

2025-02-06 15:17:54 - INFO - Mission(二值化调参) End, Duration(s):11.025062084197998
2025-02-06 15:17:54 - INFO - Mission(视频帧捕获) Cap Released
2025-02-06 15:17:54 - INFO - Mission(视频帧捕获) End, Duration(s):11.073191165924072
2025-02-06 15:17:54 - INFO - Mission(视频帧标记+显示) Windows Closed
2025-02-06 15:17:54 - INFO - Mission(视频帧标记+显示) End, Duration(s):11.076189994812012
2025-02-06 15:17:54 - INFO - Mission(视频帧保存) VideoWriter Released
2025-02-06 15:17:54 - INFO - Mission(视频帧保存) End, Duration(s):0.0
2025-02-06 15:17:54 - INFO - Mission(MissionManager) End, Duration(s):11.078562259674072
2025-02-06 15:22:42 - INFO - Video Capture: width=640, height=480, fps=30.0
2025-02-06 15:22:42 - INFO - Mission(MissionManager) Ready
2025-02-06 15:22:42 - INFO - Mission(视频帧捕获) Ready
2025-02-06 15:22:42 - INFO - Mission(二值化调参) Ready
2025-02-06 15:22:42 - INFO - Mission(视频帧标记+显示) Ready
2025-02-06 15:22:42 - INFO - Mission(二值化调参) B通道,当前阈值:(0,255)
2025-02-06 15:22:47 - INFO - Mission(二值化调参) 调整当前通道阈值为(0,245)
2025-02-06 15:22:47 - INFO - Mission(二值化调参) 调整当前通道阈值为(0,255)
2025-02-06 15:22:48 - INFO - Mission(二值化调参) 调整当前通道阈值为(0,245)
2025-02-06 15:22:48 - INFO - Mission(二值化调参) 调整当前通道阈值为(0,235)
2025-02-06 15:22:48 - INFO - Mission(二值化调参) 调整低阈值
2025-02-06 15:22:49 - INFO - Mission(二值化调参) 调整当前通道阈值为(10,235)
2025-02-06 15:22:50 - INFO - Mission(二值化调参) 调整当前通道阈值为(0,235)
2025-02-06 15:22:50 - INFO - Mission(二值化调参) 调整当前通道阈值为(10,235)
2025-02-06 15:22:50 - INFO - Mission(二值化调参) 调整当前通道阈值为(20,235)
2025-02-06 15:22:59 - INFO - Mission(二值化调参) 调整高阈值
2025-02-06 15:23:00 - INFO - Mission(二值化调参) 调整当前通道阈值为(0,154)
2025-02-06 15:23:00 - INFO - Mission(二值化调参) 调整当前通道阈值为(0,164)
2025-02-06 15:23:00 - INFO - Mission(二值化调参) 调整当前通道阈值为(0,174)
2025-02-06 15:23:01 - INFO - Mission(二值化调参) 调整当前通道阈值为(0,184)
2025-02-06 15:23:01 - INFO - Mission(二值化调参) 调整当前通道阈值为(0,194)
2025-02-06 15:23:05 - INFO - Mission(二值化调参) 调整低阈值
2025-02-06 15:23:06 - INFO - Mission(二值化调参) 调整当前通道阈值为(160,255)
2025-02-06 15:23:06 - INFO - Mission(二值化调参) 调整当前通道阈值为(150,255)
2025-02-06 15:23:06 - INFO - Mission(二值化调参) 调整当前通道阈值为(140,255)
2025-02-06 15:23:07 - INFO - Mission(二值化调参) 调整当前通道阈值为(130,255)
2025-02-06 15:23:07 - INFO - Mission(二值化调参) 调整当前通道阈值为(120,255)
2025-02-06 15:23:07 - INFO - Mission(二值化调参) 调整当前通道阈值为(110,255)
2025-02-06 15:23:07 - INFO - Mission(二值化调参) 调整当前通道阈值为(100,255)
2025-02-06 15:23:12 - ERROR - Mission(二值化调参) Run Error
Traceback (most recent call last):
  File "/home/zhang/Logistic_Robot2025/proj/mission/Setup.py", line 177, in Run
    self.Run_func(self)
  File "/home/zhang/Logistic_Robot2025/proj/mission/Mission_Function.py", line 655, in Thresholding_Test_Func
    self.Output("Mission({}) 测试结束,阈值:{}".format(self.Name,th_3channals),INFO)
UnboundLocalError: local variable 'th_3channals' referenced before assignment

2025-02-06 15:23:12 - INFO - Mission(二值化调参) End, Duration(s):30.492859840393066
2025-02-06 15:23:12 - INFO - Mission(视频帧捕获) Cap Released
2025-02-06 15:23:12 - INFO - Mission(视频帧捕获) End, Duration(s):30.532041549682617
2025-02-06 15:23:12 - INFO - Mission(视频帧标记+显示) Windows Closed
2025-02-06 15:23:12 - INFO - Mission(视频帧标记+显示) End, Duration(s):30.535604000091553
2025-02-06 15:23:12 - INFO - Mission(视频帧保存) VideoWriter Released
2025-02-06 15:23:12 - INFO - Mission(视频帧保存) End, Duration(s):0.0
2025-02-06 15:23:12 - INFO - Mission(MissionManager) End, Duration(s):30.537753105163574
2025-02-06 15:41:31 - INFO - Video Capture: width=640, height=480, fps=30.0
2025-02-06 15:41:31 - INFO - Mission(MissionManager) Ready
2025-02-06 15:41:31 - INFO - Mission(视频帧捕获) Ready
2025-02-06 15:41:31 - INFO - Mission(二值化调参) Ready
2025-02-06 15:41:31 - INFO - Mission(视频帧标记+显示) Ready
2025-02-06 15:41:31 - INFO - Mission(二值化调参) B通道,当前阈值:(0,255)
2025-02-06 15:41:45 - ERROR - Mission(二值化调参) Run Error
Traceback (most recent call last):
  File "/home/zhang/Logistic_Robot2025/proj/mission/Setup.py", line 177, in Run
    self.Run_func(self)
  File "/home/zhang/Logistic_Robot2025/proj/mission/Mission_Function.py", line 657, in Thresholding_Test_Func
    self.Output("Mission({}) 测试结束,阈值:{}".format(self.Name,th_3channals),INFO)
UnboundLocalError: local variable 'th_3channals' referenced before assignment

2025-02-06 15:41:45 - INFO - Mission(二值化调参) End, Duration(s):13.864004850387573
2025-02-06 15:41:45 - INFO - Mission(视频帧捕获) Cap Released
2025-02-06 15:41:45 - INFO - Mission(视频帧捕获) End, Duration(s):13.930720090866089
2025-02-06 15:41:45 - INFO - Mission(视频帧标记+显示) Windows Closed
2025-02-06 15:41:45 - INFO - Mission(视频帧标记+显示) End, Duration(s):13.9341881275177
2025-02-06 15:41:45 - INFO - Mission(视频帧保存) VideoWriter Released
2025-02-06 15:41:45 - INFO - Mission(视频帧保存) End, Duration(s):0.0
2025-02-06 15:41:45 - INFO - Mission(MissionManager) End, Duration(s):13.936475038528442
2025-02-06 15:42:12 - INFO - Video Capture: width=640, height=480, fps=30.0
2025-02-06 15:42:12 - INFO - Mission(MissionManager) Ready
2025-02-06 15:42:12 - INFO - Mission(视频帧捕获) Ready
2025-02-06 15:42:12 - INFO - Mission(二值化调参) Ready
2025-02-06 15:42:12 - INFO - Mission(视频帧标记+显示) Ready
2025-02-06 15:42:12 - INFO - Mission(二值化调参) B通道,当前阈值:(0,255)
2025-02-06 15:42:49 - ERROR - Mission(二值化调参) Run Error
Traceback (most recent call last):
  File "/home/zhang/Logistic_Robot2025/proj/mission/Setup.py", line 177, in Run
    self.Run_func(self)
  File "/home/zhang/Logistic_Robot2025/proj/mission/Mission_Function.py", line 657, in Thresholding_Test_Func
    self.Output("Mission({}) 测试结束,阈值:{}".format(self.Name,th_3channals),INFO)
UnboundLocalError: local variable 'th_3channals' referenced before assignment

2025-02-06 15:42:49 - INFO - Mission(二值化调参) End, Duration(s):36.73399996757507
2025-02-06 15:42:49 - INFO - Mission(视频帧捕获) Cap Released
2025-02-06 15:42:49 - INFO - Mission(视频帧捕获) End, Duration(s):36.802804946899414
2025-02-06 15:42:49 - INFO - Mission(视频帧标记+显示) Windows Closed
2025-02-06 15:42:49 - INFO - Mission(视频帧标记+显示) End, Duration(s):36.80605506896973
2025-02-06 15:42:49 - INFO - Mission(视频帧保存) VideoWriter Released
2025-02-06 15:42:49 - INFO - Mission(视频帧保存) End, Duration(s):0.0
2025-02-06 15:42:49 - INFO - Mission(MissionManager) End, Duration(s):36.80843496322632
2025-02-06 15:48:28 - INFO - Video Capture: width=640, height=480, fps=30.0
2025-02-06 15:48:28 - INFO - Mission(MissionManager) Ready
2025-02-06 15:48:28 - INFO - Mission(视频帧捕获) Ready
2025-02-06 15:48:28 - INFO - Mission(二值化调参) Ready
2025-02-06 15:48:28 - INFO - Mission(视频帧标记+显示) Ready
2025-02-06 15:48:28 - INFO - Mission(二值化调参) B通道,当前阈值:(0,255)
2025-02-06 15:48:31 - INFO - Mission(二值化调参) 测试结束,阈值:[[0 0 0]
 [0 0 0]]
2025-02-06 15:48:31 - INFO - Mission(二值化调参) End, Duration(s):3.3939852714538574
2025-02-06 15:48:31 - INFO - Mission(视频帧捕获) Cap Released
2025-02-06 15:48:31 - INFO - Mission(视频帧捕获) End, Duration(s):3.4271860122680664
2025-02-06 15:48:31 - INFO - Mission(视频帧标记+显示) Windows Closed
2025-02-06 15:48:31 - INFO - Mission(视频帧标记+显示) End, Duration(s):3.4302213191986084
2025-02-06 15:48:31 - INFO - Mission(视频帧保存) VideoWriter Released
2025-02-06 15:48:31 - INFO - Mission(视频帧保存) End, Duration(s):0.0
2025-02-06 15:48:31 - INFO - Mission(MissionManager) End, Duration(s):3.433227062225342
2025-02-06 15:49:24 - INFO - Video Capture: width=640, height=480, fps=30.0
2025-02-06 15:49:24 - INFO - Mission(MissionManager) Ready
2025-02-06 15:49:24 - INFO - Mission(视频帧捕获) Ready
2025-02-06 15:49:24 - INFO - Mission(二值化调参) Ready
2025-02-06 15:49:24 - INFO - Mission(视频帧标记+显示) Ready
2025-02-06 15:49:24 - INFO - Mission(二值化调参) B通道,当前阈值:(0,255)
2025-02-06 15:49:28 - INFO - Mission(二值化调参) 测试结束,阈值:[[0 0 0]
 [0 0 0]]
2025-02-06 15:49:28 - INFO - Mission(二值化调参) End, Duration(s):4.385193824768066
2025-02-06 15:49:28 - INFO - Mission(视频帧捕获) Cap Released
2025-02-06 15:49:28 - INFO - Mission(视频帧捕获) End, Duration(s):4.444780111312866
2025-02-06 15:49:28 - INFO - Mission(视频帧标记+显示) Windows Closed
2025-02-06 15:49:28 - INFO - Mission(视频帧标记+显示) End, Duration(s):4.449049711227417
2025-02-06 15:49:28 - INFO - Mission(视频帧保存) VideoWriter Released
2025-02-06 15:49:28 - INFO - Mission(视频帧保存) End, Duration(s):0.0
2025-02-06 15:49:28 - INFO - Mission(MissionManager) End, Duration(s):4.451037883758545
2025-02-06 16:02:17 - INFO - Video Capture: width=640, height=480, fps=30.0
2025-02-06 16:02:17 - INFO - Mission(MissionManager) Ready
2025-02-06 16:02:17 - INFO - Mission(视频帧捕获) Ready
2025-02-06 16:02:17 - INFO - Mission(二值化调参) Ready
2025-02-06 16:02:17 - INFO - Mission(视频帧标记+显示) Ready
2025-02-06 16:02:17 - INFO - Mission(二值化调参) B通道,当前阈值:(0,255)
2025-02-06 16:02:52 - INFO - Mission(二值化调参) 已保存当前帧为图片frame_captured_0.png
2025-02-06 16:02:54 - INFO - Mission(二值化调参) 已保存当前帧为图片frame_captured_0.png
2025-02-06 16:02:58 - INFO - Mission(二值化调参) 测试结束,阈值:[[0 0 0]
 [0 0 0]]
2025-02-06 16:02:58 - INFO - Mission(二值化调参) End, Duration(s):41.160271406173706
2025-02-06 16:02:58 - INFO - Mission(视频帧捕获) Cap Released
2025-02-06 16:02:58 - INFO - Mission(视频帧捕获) End, Duration(s):41.20789813995361
2025-02-06 16:02:58 - INFO - Mission(视频帧标记+显示) Windows Closed
2025-02-06 16:02:58 - INFO - Mission(视频帧标记+显示) End, Duration(s):41.2114622592926
2025-02-06 16:02:58 - INFO - Mission(视频帧保存) VideoWriter Released
2025-02-06 16:02:58 - INFO - Mission(视频帧保存) End, Duration(s):0.0
2025-02-06 16:02:58 - INFO - Mission(MissionManager) End, Duration(s):41.2135694026947
2025-02-06 16:05:47 - INFO - Video Capture: width=640, height=480, fps=30.0
2025-02-06 16:05:47 - INFO - Mission(MissionManager) Ready
2025-02-06 16:05:47 - INFO - Mission(视频帧捕获) Ready
2025-02-06 16:05:47 - INFO - Mission(二值化调参) Ready
2025-02-06 16:05:47 - INFO - Mission(视频帧标记+显示) Ready
2025-02-06 16:05:48 - INFO - Mission(二值化调参) B通道,当前阈值:(0,255)
2025-02-06 16:06:07 - INFO - Mission(二值化调参) 测试结束,阈值:[[0 0 0]
 [0 0 0]]
2025-02-06 16:06:07 - INFO - Mission(二值化调参) End, Duration(s):19.95214605331421
2025-02-06 16:06:07 - INFO - Mission(视频帧捕获) Cap Released
2025-02-06 16:06:07 - INFO - Mission(视频帧捕获) End, Duration(s):19.986249208450317
2025-02-06 16:06:07 - INFO - Mission(视频帧标记+显示) Windows Closed
2025-02-06 16:06:07 - INFO - Mission(视频帧标记+显示) End, Duration(s):19.989269256591797
2025-02-06 16:06:07 - INFO - Mission(视频帧保存) VideoWriter Released
2025-02-06 16:06:07 - INFO - Mission(视频帧保存) End, Duration(s):0.0
2025-02-06 16:06:07 - INFO - Mission(MissionManager) End, Duration(s):19.99124050140381
2025-02-06 16:08:18 - INFO - Video Capture: width=640, height=480, fps=30.0
2025-02-06 16:08:18 - INFO - Mission(MissionManager) Ready
2025-02-06 16:08:18 - INFO - Mission(视频帧捕获) Ready
2025-02-06 16:08:18 - INFO - Mission(二值化调参) Ready
2025-02-06 16:08:18 - INFO - Mission(视频帧标记+显示) Ready
2025-02-06 16:08:18 - INFO - Mission(二值化调参) B通道,当前阈值:(0,255)
2025-02-06 16:08:41 - INFO - Mission(二值化调参) 已保存当前帧为图片frame_captured_0.png
2025-02-06 16:08:42 - INFO - Mission(二值化调参) 已保存当前帧为图片frame_captured_1.png
2025-02-06 16:08:47 - INFO - Mission(二值化调参) 测试结束,阈值:[[  0   0 170]
 [231 144 255]]
2025-02-06 16:08:47 - INFO - Mission(二值化调参) End, Duration(s):29.253705739974976
2025-02-06 16:08:47 - INFO - Mission(视频帧捕获) Cap Released
2025-02-06 16:08:47 - INFO - Mission(视频帧捕获) End, Duration(s):29.31508731842041
2025-02-06 16:08:47 - INFO - Mission(视频帧标记+显示) Windows Closed
2025-02-06 16:08:47 - INFO - Mission(视频帧标记+显示) End, Duration(s):29.31830382347107
2025-02-06 16:08:47 - INFO - Mission(视频帧保存) VideoWriter Released
2025-02-06 16:08:47 - INFO - Mission(视频帧保存) End, Duration(s):0.0
2025-02-06 16:08:47 - INFO - Mission(MissionManager) End, Duration(s):29.32052493095398
2025-02-06 16:30:29 - INFO - Video Capture: width=640, height=480, fps=30.0
2025-02-06 16:30:29 - INFO - Mission(MissionManager) Ready
2025-02-06 16:30:29 - INFO - Mission(视频帧捕获) Ready
2025-02-06 16:30:29 - INFO - Mission(二值化调参) Ready
2025-02-06 16:30:29 - INFO - Mission(视频帧标记+显示) Ready
2025-02-06 16:30:29 - INFO - Mission(二值化调参) B通道,当前阈值:(0,255)
2025-02-06 16:36:20 - INFO - Mission(二值化调参) 已保存当前帧为图片frame_captured_0.png
2025-02-06 16:36:23 - INFO - Mission(二值化调参) 测试结束,阈值:[[200   0   0]
 [255 255 255]]
2025-02-06 16:36:23 - INFO - Mission(二值化调参) End, Duration(s):354.83586978912354
2025-02-06 16:36:24 - INFO - Mission(视频帧捕获) Cap Released
2025-02-06 16:36:24 - INFO - Mission(视频帧捕获) End, Duration(s):354.87099957466125
2025-02-06 16:36:24 - INFO - Mission(视频帧标记+显示) Windows Closed
2025-02-06 16:36:24 - INFO - Mission(视频帧标记+显示) End, Duration(s):354.874192237854
2025-02-06 16:36:24 - INFO - Mission(视频帧保存) VideoWriter Released
2025-02-06 16:36:24 - INFO - Mission(视频帧保存) End, Duration(s):0.0
2025-02-06 16:36:24 - INFO - Mission(MissionManager) End, Duration(s):354.87658309936523
2025-02-07 23:03:17 - INFO - Video Capture: width=640, height=480, fps=30.0
2025-02-07 23:03:17 - INFO - Mission(MissionManager) Ready
2025-02-07 23:03:17 - INFO - Mission(视频帧捕获) Ready
2025-02-07 23:03:17 - INFO - Mission(二值化调参) Ready
2025-02-07 23:03:17 - INFO - Mission(视频帧标记+显示) Ready
2025-02-07 23:03:17 - INFO - Mission(二值化调参) B通道,当前阈值:(0,255)
2025-02-07 23:03:50 - INFO - Mission(二值化调参) 测试结束,阈值:[[  0   0 170]
 [255 144 255]]
2025-02-07 23:03:50 - INFO - Mission(二值化调参) End, Duration(s):32.960771322250366
2025-02-07 23:03:50 - INFO - Mission(视频帧捕获) Cap Released
2025-02-07 23:03:50 - INFO - Mission(视频帧捕获) End, Duration(s):33.02204942703247
2025-02-07 23:03:50 - INFO - Mission(视频帧标记+显示) Windows Closed
2025-02-07 23:03:50 - INFO - Mission(视频帧标记+显示) End, Duration(s):33.02539825439453
2025-02-07 23:03:50 - INFO - Mission(视频帧保存) VideoWriter Released
2025-02-07 23:03:50 - INFO - Mission(视频帧保存) End, Duration(s):0.0
2025-02-07 23:03:50 - INFO - Mission(MissionManager) End, Duration(s):33.03182029724121
