2025-02-04 14:29:00 - INFO - Video Capture: width=640, height=480, fps=30.0
2025-02-04 14:29:00 - INFO - Mission(MissionManager) Ready
2025-02-04 14:29:00 - INFO - Mission(视频帧捕获) Ready
2025-02-04 14:29:00 - INFO - Mission(二值化调参) Ready
2025-02-04 14:29:00 - INFO - Mission(视频帧标记+显示) Ready
2025-02-04 14:29:06 - INFO - Mission(二值化调参) 调整b通道阈值
2025-02-04 14:29:11 - INFO - Mission(二值化调参) 调整当前通道阈值为(0,-1)
2025-02-04 14:29:12 - INFO - Mission(二值化调参) 调整当前通道阈值为(0,9)
2025-02-04 14:29:16 - INFO - Mission(二值化调参) 调整当前通道阈值为(0,10)
2025-02-04 14:29:17 - INFO - Mission(二值化调参) 调整当前通道阈值为(0,11)
2025-02-04 14:29:18 - INFO - Mission(二值化调参) 调整当前通道阈值为(0,12)
2025-02-04 14:29:25 - INFO - Mission(二值化调参) 调整当前通道阈值为(0,-1)
2025-02-04 14:29:28 - INFO - Mission(二值化调参) 调整当前通道阈值为(0,1)
2025-02-04 14:29:29 - INFO - Mission(二值化调参) 调整当前通道阈值为(0,2)
2025-02-04 14:29:32 - INFO - Mission(二值化调参) 调整当前通道阈值为(0,-1)
2025-02-04 14:29:38 - INFO - Mission(二值化调参) 调整当前通道阈值为(0,1)
2025-02-04 14:29:41 - INFO - Mission(二值化调参) 调整当前通道阈值为(0,2)
2025-02-04 14:29:42 - INFO - Mission(二值化调参) 调整当前通道阈值为(0,3)
2025-02-04 14:29:43 - INFO - Mission(二值化调参) 调整当前通道阈值为(0,4)
2025-02-04 14:29:43 - INFO - Mission(二值化调参) 调整当前通道阈值为(0,5)
2025-02-04 14:29:44 - INFO - Mission(二值化调参) 调整当前通道阈值为(0,6)
2025-02-04 14:29:45 - INFO - Mission(二值化调参) 调整当前通道阈值为(0,16)
2025-02-04 14:29:45 - INFO - Mission(二值化调参) 调整当前通道阈值为(0,26)
2025-02-04 14:29:46 - INFO - Mission(二值化调参) 调整当前通道阈值为(0,36)
2025-02-04 14:29:50 - INFO - Mission(二值化调参) 调整当前通道阈值为(0,-1)
2025-02-04 14:29:52 - INFO - Mission(二值化调参) 调整当前通道阈值为(0,-1)
2025-02-04 14:29:52 - INFO - Mission(二值化调参) 调整当前通道阈值为(0,-1)
2025-02-04 14:29:57 - INFO - Mission(二值化调参) 调整g通道阈值
2025-02-04 14:29:59 - INFO - Mission(二值化调参) 调整当前通道阈值为(0,145)
2025-02-04 14:30:00 - INFO - Mission(二值化调参) 调整当前通道阈值为(0,146)
2025-02-04 14:30:00 - INFO - Mission(二值化调参) 调整当前通道阈值为(0,147)
2025-02-04 14:30:01 - INFO - Mission(二值化调参) 调整当前通道阈值为(0,148)
2025-02-04 14:30:01 - INFO - Mission(二值化调参) 调整当前通道阈值为(0,149)
2025-02-04 14:30:09 - INFO - Mission(二值化调参) 调整r通道阈值
2025-02-04 14:30:15 - INFO - Mission(二值化调参) 调整当前通道阈值为(256,255)
2025-02-04 14:30:16 - INFO - Mission(二值化调参) 调整当前通道阈值为(254,255)
2025-02-04 14:30:17 - INFO - Mission(二值化调参) 调整当前通道阈值为(253,255)
2025-02-04 14:30:18 - INFO - Mission(二值化调参) 调整当前通道阈值为(252,255)
2025-02-04 14:30:18 - INFO - Mission(二值化调参) 调整当前通道阈值为(256,255)
2025-02-04 14:30:19 - INFO - Mission(二值化调参) 调整当前通道阈值为(254,255)
2025-02-04 14:30:21 - INFO - Mission(二值化调参) 调整当前通道阈值为(253,255)
2025-02-04 14:30:21 - INFO - Mission(二值化调参) 调整当前通道阈值为(252,255)
2025-02-04 14:30:25 - INFO - Mission(二值化调参) 测试结束,阈值:[[  0   0 252]
 [255 149 255]]
2025-02-04 14:30:25 - INFO - Mission(二值化调参) End, Duration(s):85.12667155265808
2025-02-04 14:30:25 - INFO - Mission(视频帧捕获) Cap Released
2025-02-04 14:30:25 - INFO - Mission(视频帧捕获) End, Duration(s):85.18912100791931
2025-02-04 14:30:25 - INFO - Mission(视频帧标记+显示) Windows Closed
2025-02-04 14:30:25 - INFO - Mission(视频帧标记+显示) End, Duration(s):85.19471979141235
2025-02-04 14:30:25 - INFO - Mission(视频帧保存) VideoWriter Released
2025-02-04 14:30:25 - INFO - Mission(视频帧保存) End, Duration(s):0.0
2025-02-04 14:30:25 - INFO - Mission(MissionManager) End, Duration(s):85.19637370109558
2025-02-04 14:35:34 - INFO - Video Capture: width=640, height=480, fps=30.0
2025-02-04 14:35:34 - INFO - Mission(MissionManager) Ready
2025-02-04 14:35:34 - INFO - Mission(视频帧捕获) Ready
2025-02-04 14:35:34 - INFO - Mission(二值化调参) Ready
2025-02-04 14:35:34 - INFO - Mission(视频帧标记+显示) Ready
2025-02-04 14:35:44 - INFO - Mission(二值化调参) 测试结束,阈值:[[  0   0 170]
 [255 144 255]]
2025-02-04 14:35:44 - INFO - Mission(二值化调参) End, Duration(s):9.95742416381836
2025-02-04 14:35:44 - INFO - Mission(视频帧捕获) Cap Released
2025-02-04 14:35:44 - INFO - Mission(视频帧捕获) End, Duration(s):9.99682068824768
2025-02-04 14:35:44 - INFO - Mission(视频帧标记+显示) Windows Closed
2025-02-04 14:35:44 - INFO - Mission(视频帧标记+显示) End, Duration(s):10.000954866409302
2025-02-04 14:35:44 - INFO - Mission(视频帧保存) VideoWriter Released
2025-02-04 14:35:44 - INFO - Mission(视频帧保存) End, Duration(s):0.0
2025-02-04 14:35:44 - INFO - Mission(MissionManager) End, Duration(s):10.003230094909668
2025-02-04 14:56:41 - INFO - Video Capture: width=640, height=480, fps=30.0
2025-02-04 14:56:41 - INFO - Mission(MissionManager) Ready
2025-02-04 14:56:41 - INFO - Mission(视频帧捕获) Ready
2025-02-04 14:56:41 - INFO - Mission(二值化调参) Ready
2025-02-04 14:56:41 - INFO - Mission(视频帧标记+显示) Ready
2025-02-04 14:56:42 - INFO - Mission(二值化调参) 开始二值化阈值测试
2025-02-04 14:56:49 - INFO - Mission(二值化调参) G通道
2025-02-04 14:56:52 - INFO - Mission(二值化调参) R通道
2025-02-04 14:57:02 - INFO - Mission(二值化调参) 灰度模式
2025-02-04 14:57:04 - INFO - Mission(二值化调参) B通道
2025-02-04 14:57:05 - INFO - Mission(二值化调参) G通道
2025-02-04 14:57:05 - INFO - Mission(二值化调参) R通道
2025-02-04 14:57:06 - INFO - Mission(二值化调参) 灰度模式
2025-02-04 14:57:07 - INFO - Mission(二值化调参) B通道
2025-02-04 14:57:07 - INFO - Mission(二值化调参) G通道
2025-02-04 14:57:07 - INFO - Mission(二值化调参) R通道
2025-02-04 14:57:08 - INFO - Mission(二值化调参) 灰度模式
2025-02-04 14:57:09 - INFO - Mission(二值化调参) B通道
2025-02-04 14:57:11 - INFO - Mission(二值化调参) 调整当前通道阈值为(0,255)
2025-02-04 14:57:13 - INFO - Mission(二值化调参) 调整当前通道阈值为(0,-1)
2025-02-04 14:57:14 - INFO - Mission(二值化调参) 调整当前通道阈值为(0,9)
2025-02-04 14:57:16 - INFO - Mission(二值化调参) 调整当前通道阈值为(0,19)
2025-02-04 14:57:18 - INFO - Mission(二值化调参) 调整当前通道阈值为(0,29)
2025-02-04 14:57:21 - INFO - Mission(二值化调参) 调整当前通道阈值为(0,39)
2025-02-04 14:57:21 - INFO - Mission(二值化调参) 调整当前通道阈值为(0,49)
2025-02-04 14:57:23 - INFO - Mission(二值化调参) 调整当前通道阈值为(0,-1)
2025-02-04 14:57:25 - INFO - Mission(二值化调参) 调整当前通道阈值为(0,9)
2025-02-04 14:57:26 - INFO - Mission(二值化调参) 调整当前通道阈值为(0,19)
2025-02-04 14:57:26 - INFO - Mission(二值化调参) 调整当前通道阈值为(0,29)
2025-02-04 14:57:27 - INFO - Mission(二值化调参) 调整当前通道阈值为(0,-1)
2025-02-04 14:57:27 - INFO - Mission(二值化调参) 调整当前通道阈值为(0,9)
2025-02-04 14:57:28 - INFO - Mission(二值化调参) 调整当前通道阈值为(0,19)
2025-02-04 14:57:28 - INFO - Mission(二值化调参) 调整当前通道阈值为(0,29)
2025-02-04 14:57:28 - INFO - Mission(二值化调参) 调整当前通道阈值为(0,39)
2025-02-04 14:57:29 - INFO - Mission(二值化调参) 调整当前通道阈值为(0,49)
2025-02-04 14:57:31 - INFO - Mission(二值化调参) 调整当前通道阈值为(0,59)
2025-02-04 14:57:31 - INFO - Mission(二值化调参) 调整当前通道阈值为(0,69)
2025-02-04 14:57:31 - INFO - Mission(二值化调参) 调整当前通道阈值为(0,79)
2025-02-04 14:57:31 - INFO - Mission(二值化调参) 调整当前通道阈值为(0,89)
2025-02-04 14:57:31 - INFO - Mission(二值化调参) 调整当前通道阈值为(0,99)
2025-02-04 14:57:32 - INFO - Mission(二值化调参) 调整当前通道阈值为(0,109)
2025-02-04 14:57:32 - INFO - Mission(二值化调参) 调整当前通道阈值为(0,119)
2025-02-04 14:57:35 - INFO - Mission(二值化调参) 调整当前通道阈值为(120,119)
2025-02-04 14:57:40 - INFO - Mission(二值化调参) 调整当前通道阈值为(130,119)
2025-02-04 14:57:41 - INFO - Mission(二值化调参) 调整当前通道阈值为(118,119)
2025-02-04 14:57:41 - INFO - Mission(二值化调参) 调整当前通道阈值为(108,119)
2025-02-04 14:57:42 - INFO - Mission(二值化调参) 调整当前通道阈值为(98,119)
2025-02-04 14:57:44 - INFO - Mission(二值化调参) 调整当前通道阈值为(88,119)
2025-02-04 14:57:49 - INFO - Mission(二值化调参) G通道
2025-02-04 14:57:50 - INFO - Mission(二值化调参) R通道
2025-02-04 14:57:51 - INFO - Mission(二值化调参) 灰度模式
2025-02-04 14:58:50 - INFO - Mission(二值化调参) 测试结束,阈值:[[ 88   0 170]
 [119 144 255]]
2025-02-04 14:58:50 - INFO - Mission(二值化调参) End, Duration(s):128.76445245742798
2025-02-04 14:58:50 - INFO - Mission(视频帧捕获) Cap Released
2025-02-04 14:58:50 - INFO - Mission(视频帧捕获) End, Duration(s):128.8104968070984
2025-02-04 14:58:50 - INFO - Mission(视频帧标记+显示) Windows Closed
2025-02-04 14:58:50 - INFO - Mission(视频帧标记+显示) End, Duration(s):128.8155608177185
2025-02-04 14:58:50 - INFO - Mission(视频帧保存) VideoWriter Released
2025-02-04 14:58:50 - INFO - Mission(视频帧保存) End, Duration(s):0.0
2025-02-04 14:58:50 - INFO - Mission(MissionManager) End, Duration(s):128.81732535362244
2025-02-04 15:11:26 - INFO - Video Capture: width=640, height=480, fps=30.0
2025-02-04 15:11:26 - INFO - Mission(MissionManager) Ready
2025-02-04 15:11:26 - INFO - Mission(视频帧捕获) Ready
2025-02-04 15:11:26 - INFO - Mission(二值化调参) Ready
2025-02-04 15:11:26 - INFO - Mission(视频帧标记+显示) Ready
2025-02-04 15:11:26 - INFO - Mission(二值化调参) 开始二值化阈值测试
2025-02-04 15:11:29 - INFO - Mission(二值化调参) G通道
2025-02-04 15:11:32 - INFO - Mission(二值化调参) 调整当前通道阈值为(0,-1)
2025-02-04 15:11:33 - INFO - Mission(二值化调参) 调整当前通道阈值为(0,1)
2025-02-04 15:11:34 - INFO - Mission(二值化调参) 调整当前通道阈值为(0,1)
2025-02-04 15:11:34 - INFO - Mission(二值化调参) 调整当前通道阈值为(0,1)
2025-02-04 15:11:35 - INFO - Mission(二值化调参) 调整当前通道阈值为(0,-1)
2025-02-04 15:11:36 - INFO - Mission(二值化调参) 调整当前通道阈值为(0,1)
2025-02-04 15:11:37 - INFO - Mission(二值化调参) 调整当前通道阈值为(0,-1)
2025-02-04 15:11:37 - INFO - Mission(二值化调参) 调整当前通道阈值为(0,-1)
2025-02-04 15:11:38 - INFO - Mission(二值化调参) 调整当前通道阈值为(0,-1)
2025-02-04 15:11:38 - INFO - Mission(二值化调参) 调整当前通道阈值为(0,-1)
2025-02-04 15:11:38 - INFO - Mission(二值化调参) 调整当前通道阈值为(0,-1)
2025-02-04 15:11:43 - INFO - Mission(二值化调参) 调整当前通道阈值为(0,-1)
2025-02-04 15:11:44 - INFO - Mission(二值化调参) 调整当前通道阈值为(0,-1)
2025-02-04 15:11:47 - INFO - Mission(二值化调参) 调整当前通道阈值为(0,1)
2025-02-04 15:11:47 - INFO - Mission(二值化调参) 调整当前通道阈值为(0,1)
2025-02-04 15:11:47 - INFO - Mission(二值化调参) 调整当前通道阈值为(0,1)
2025-02-04 15:11:48 - INFO - Mission(二值化调参) 调整当前通道阈值为(0,1)
2025-02-04 15:11:50 - INFO - Mission(二值化调参) 调整当前通道阈值为(0,1)
2025-02-04 15:11:51 - INFO - Mission(二值化调参) 调整当前通道阈值为(0,1)
2025-02-04 15:11:51 - INFO - Mission(二值化调参) 调整当前通道阈值为(2,1)
2025-02-04 15:11:52 - INFO - Mission(二值化调参) 调整当前通道阈值为(2,1)
2025-02-04 15:11:52 - INFO - Mission(二值化调参) 调整当前通道阈值为(2,1)
2025-02-04 15:11:54 - INFO - Mission(二值化调参) 调整当前通道阈值为(2,1)
2025-02-04 15:11:54 - INFO - Mission(二值化调参) 调整当前通道阈值为(2,1)
2025-02-04 15:11:59 - INFO - Mission(二值化调参) R通道
2025-02-04 15:12:01 - INFO - Mission(二值化调参) 灰度模式
2025-02-04 15:12:08 - INFO - Mission(二值化调参) B通道
2025-02-04 15:12:08 - INFO - Mission(二值化调参) G通道
2025-02-04 15:12:09 - INFO - Mission(二值化调参) R通道
2025-02-04 15:12:10 - INFO - Mission(二值化调参) 灰度模式
2025-02-04 15:12:12 - INFO - Mission(二值化调参) 测试结束,阈值:[[  0   2 170]
 [255   1 255]]
2025-02-04 15:12:12 - INFO - Mission(二值化调参) End, Duration(s):45.59004306793213
2025-02-04 15:12:12 - INFO - Mission(视频帧捕获) Cap Released
2025-02-04 15:12:12 - INFO - Mission(视频帧捕获) End, Duration(s):45.65212631225586
2025-02-04 15:12:12 - INFO - Mission(视频帧标记+显示) Windows Closed
2025-02-04 15:12:12 - INFO - Mission(视频帧标记+显示) End, Duration(s):45.65676689147949
2025-02-04 15:12:12 - INFO - Mission(视频帧保存) VideoWriter Released
2025-02-04 15:12:12 - INFO - Mission(视频帧保存) End, Duration(s):0.0
2025-02-04 15:12:12 - INFO - Mission(MissionManager) End, Duration(s):45.658989906311035
2025-02-04 15:24:36 - INFO - Video Capture: width=640, height=480, fps=30.0
2025-02-04 15:24:36 - INFO - Mission(MissionManager) Ready
2025-02-04 15:24:36 - INFO - Mission(视频帧捕获) Ready
2025-02-04 15:24:36 - INFO - Mission(二值化调参) Ready
2025-02-04 15:24:36 - INFO - Mission(视频帧标记+显示) Ready
2025-02-04 15:24:37 - INFO - Mission(二值化调参) 开始二值化阈值测试
2025-02-04 15:24:38 - INFO - Mission(二值化调参) 调整当前通道阈值为(0,255)
2025-02-04 15:24:47 - INFO - Mission(二值化调参) 调整当前通道阈值为(0,255)
2025-02-04 15:24:48 - INFO - Mission(二值化调参) 调整当前通道阈值为(0,255)
2025-02-04 15:24:49 - INFO - Mission(二值化调参) 调整当前通道阈值为(0,245)
2025-02-04 15:24:49 - INFO - Mission(二值化调参) 调整当前通道阈值为(0,235)
2025-02-04 15:24:50 - INFO - Mission(二值化调参) 调整当前通道阈值为(0,225)
2025-02-04 15:24:53 - INFO - Mission(二值化调参) 调整当前通道阈值为(0,215)
2025-02-04 15:24:53 - INFO - Mission(二值化调参) 调整当前通道阈值为(0,205)
2025-02-04 15:24:54 - INFO - Mission(二值化调参) 调整当前通道阈值为(0,195)
2025-02-04 15:24:55 - INFO - Mission(二值化调参) 调整当前通道阈值为(0,205)
2025-02-04 15:24:55 - INFO - Mission(二值化调参) 调整当前通道阈值为(0,215)
2025-02-04 15:24:55 - INFO - Mission(二值化调参) 调整当前通道阈值为(0,225)
2025-02-04 15:24:56 - INFO - Mission(二值化调参) 调整当前通道阈值为(0,235)
2025-02-04 15:24:57 - INFO - Mission(二值化调参) G通道
2025-02-04 15:25:06 - INFO - Mission(二值化调参) 测试结束,阈值:[[  0   0 170]
 [235 144 255]]
2025-02-04 15:25:06 - INFO - Mission(二值化调参) End, Duration(s):29.727012157440186
2025-02-04 15:25:06 - INFO - Mission(视频帧捕获) Cap Released
2025-02-04 15:25:06 - INFO - Mission(视频帧捕获) End, Duration(s):29.785202503204346
2025-02-04 15:25:06 - INFO - Mission(视频帧标记+显示) Windows Closed
2025-02-04 15:25:06 - INFO - Mission(视频帧标记+显示) End, Duration(s):29.789602041244507
2025-02-04 15:25:06 - INFO - Mission(视频帧保存) VideoWriter Released
2025-02-04 15:25:06 - INFO - Mission(视频帧保存) End, Duration(s):0.0
2025-02-04 15:25:06 - INFO - Mission(MissionManager) End, Duration(s):29.791777849197388
2025-02-04 15:33:07 - INFO - Video Capture: width=640, height=480, fps=30.0
2025-02-04 15:33:07 - INFO - Mission(MissionManager) Ready
2025-02-04 15:33:07 - INFO - Mission(视频帧捕获) Ready
2025-02-04 15:33:07 - INFO - Mission(二值化调参) Ready
2025-02-04 15:33:07 - INFO - Mission(视频帧标记+显示) Ready
2025-02-04 15:33:07 - INFO - Mission(二值化调参) B通道,当前阈值:(True,True)
2025-02-04 15:33:18 - INFO - Mission(二值化调参) 测试结束,阈值:[[  0   0 170]
 [255 144 255]]
2025-02-04 15:33:18 - INFO - Mission(二值化调参) End, Duration(s):11.490789413452148
2025-02-04 15:33:18 - INFO - Mission(视频帧捕获) Cap Released
2025-02-04 15:33:18 - INFO - Mission(视频帧捕获) End, Duration(s):11.525307893753052
2025-02-04 15:33:18 - INFO - Mission(视频帧标记+显示) Windows Closed
2025-02-04 15:33:18 - INFO - Mission(视频帧标记+显示) End, Duration(s):11.527687311172485
2025-02-04 15:33:18 - INFO - Mission(视频帧保存) VideoWriter Released
2025-02-04 15:33:18 - INFO - Mission(视频帧保存) End, Duration(s):0.0
2025-02-04 15:33:18 - INFO - Mission(MissionManager) End, Duration(s):11.530598878860474
2025-02-04 15:39:41 - INFO - Video Capture: width=640, height=480, fps=30.0
2025-02-04 15:39:41 - INFO - Mission(MissionManager) Ready
2025-02-04 15:39:41 - INFO - Mission(视频帧捕获) Ready
2025-02-04 15:39:41 - INFO - Mission(二值化调参) Ready
2025-02-04 15:39:41 - INFO - Mission(视频帧标记+显示) Ready
2025-02-04 15:39:42 - INFO - Mission(二值化调参) B通道,当前阈值:(0,255)
2025-02-04 15:39:50 - INFO - Mission(二值化调参) 调整当前通道阈值为(10,255)
2025-02-04 15:39:52 - INFO - Mission(二值化调参) 调整当前通道阈值为(20,255)
2025-02-04 15:39:53 - INFO - Mission(二值化调参) 调整当前通道阈值为(30,255)
2025-02-04 15:39:55 - INFO - Mission(二值化调参) 调整当前通道阈值为(20,255)
2025-02-04 15:39:56 - INFO - Mission(二值化调参) 调整当前通道阈值为(10,255)
2025-02-04 15:39:57 - INFO - Mission(二值化调参) 调整当前通道阈值为(0,255)
2025-02-04 15:39:58 - INFO - Mission(二值化调参) 调整当前通道阈值为(0,255)
2025-02-04 15:40:04 - INFO - Mission(二值化调参) 调整当前通道阈值为(10,255)
2025-02-04 15:40:04 - INFO - Mission(二值化调参) 调整当前通道阈值为(20,255)
2025-02-04 15:40:06 - INFO - Mission(二值化调参) 调整当前通道阈值为(21,255)
2025-02-04 15:40:06 - INFO - Mission(二值化调参) 调整当前通道阈值为(22,255)
2025-02-04 15:40:07 - INFO - Mission(二值化调参) 调整当前通道阈值为(23,255)
2025-02-04 15:40:07 - INFO - Mission(二值化调参) 调整当前通道阈值为(24,255)
2025-02-04 15:40:07 - INFO - Mission(二值化调参) 调整当前通道阈值为(25,255)
2025-02-04 15:40:08 - INFO - Mission(二值化调参) 调整当前通道阈值为(15,255)
2025-02-04 15:40:10 - INFO - Mission(二值化调参) 调整当前通道阈值为(25,255)
2025-02-04 15:40:18 - INFO - Mission(二值化调参) G通道,当前阈值:(25,255)
2025-02-04 15:40:21 - INFO - Mission(二值化调参) 调整当前通道阈值为(10,144)
2025-02-04 15:40:24 - INFO - Mission(二值化调参) 调整当前通道阈值为(0,144)
2025-02-04 15:40:25 - INFO - Mission(二值化调参) 调整当前通道阈值为(10,144)
2025-02-04 15:40:29 - INFO - Mission(二值化调参) 调整当前通道阈值为(20,144)
2025-02-04 15:40:30 - INFO - Mission(二值化调参) 调整当前通道阈值为(30,144)
2025-02-04 15:40:35 - INFO - Mission(二值化调参) 调整当前通道阈值为(30,154)
2025-02-04 15:40:36 - INFO - Mission(二值化调参) 调整当前通道阈值为(30,164)
2025-02-04 15:40:38 - INFO - Mission(二值化调参) 调整当前通道阈值为(30,174)
2025-02-04 15:40:39 - INFO - Mission(二值化调参) 调整当前通道阈值为(30,184)
2025-02-04 15:40:40 - INFO - Mission(二值化调参) 调整当前通道阈值为(30,194)
2025-02-04 15:40:42 - INFO - Mission(二值化调参) 调整当前通道阈值为(30,204)
2025-02-04 15:40:42 - INFO - Mission(二值化调参) 调整当前通道阈值为(30,214)
2025-02-04 15:40:43 - INFO - Mission(二值化调参) 调整当前通道阈值为(30,224)
2025-02-04 15:40:43 - INFO - Mission(二值化调参) 调整当前通道阈值为(30,234)
2025-02-04 15:41:03 - INFO - Mission(二值化调参) R通道,当前阈值:(30,234)
2025-02-04 15:41:05 - INFO - Mission(二值化调参) 调整当前通道阈值为(170,255)
2025-02-04 15:41:08 - INFO - Mission(二值化调参) 调整当前通道阈值为(170,254)
2025-02-04 15:41:09 - INFO - Mission(二值化调参) 调整当前通道阈值为(170,253)
2025-02-04 15:41:10 - INFO - Mission(二值化调参) 调整当前通道阈值为(170,252)
2025-02-04 15:41:12 - INFO - Mission(二值化调参) 灰度模式
2025-02-04 15:41:14 - INFO - Mission(二值化调参) B通道,当前阈值:(True,False)
2025-02-04 15:41:16 - INFO - Mission(二值化调参) G通道,当前阈值:(25,255)
2025-02-04 15:41:19 - INFO - Mission(二值化调参) R通道,当前阈值:(30,234)
2025-02-04 15:41:20 - INFO - Mission(二值化调参) 灰度模式
2025-02-04 15:41:29 - INFO - Mission(二值化调参) B通道,当前阈值:(True,False)
2025-02-04 15:41:30 - INFO - Mission(二值化调参) G通道,当前阈值:(25,255)
2025-02-04 15:41:31 - INFO - Mission(二值化调参) R通道,当前阈值:(30,234)
2025-02-04 15:41:32 - INFO - Mission(二值化调参) 测试结束,阈值:[[ 25  30 170]
 [255 234 252]]
2025-02-04 15:41:32 - INFO - Mission(二值化调参) End, Duration(s):110.9690477848053
2025-02-04 15:41:32 - INFO - Mission(视频帧捕获) Cap Released
2025-02-04 15:41:32 - INFO - Mission(视频帧捕获) End, Duration(s):111.00113797187805
2025-02-04 15:41:32 - INFO - Mission(视频帧标记+显示) Windows Closed
2025-02-04 15:41:32 - INFO - Mission(视频帧标记+显示) End, Duration(s):111.00407004356384
2025-02-04 15:41:32 - INFO - Mission(视频帧保存) VideoWriter Released
2025-02-04 15:41:32 - INFO - Mission(视频帧保存) End, Duration(s):0.0
2025-02-04 15:41:32 - INFO - Mission(MissionManager) End, Duration(s):111.00581574440002
2025-02-04 16:37:44 - INFO - Video Capture: width=640, height=480, fps=30.0
2025-02-04 16:37:44 - INFO - Mission(MissionManager) Ready
2025-02-04 16:37:44 - INFO - Mission(视频帧捕获) Ready
2025-02-04 16:37:44 - INFO - Mission(二值化调参) Ready
2025-02-04 16:37:44 - INFO - Mission(视频帧标记+显示) Ready
2025-02-04 16:37:44 - INFO - Mission(二值化调参) B通道,当前阈值:(0,255)
2025-02-04 16:37:52 - INFO - Mission(二值化调参) 调整高阈值
2025-02-04 16:37:53 - INFO - Mission(二值化调参) 调整低阈值
2025-02-04 16:37:56 - INFO - Mission(二值化调参) 调整当前通道阈值为(10,255)
2025-02-04 16:37:59 - INFO - Mission(二值化调参) 调整当前通道阈值为(0,255)
2025-02-04 16:38:01 - INFO - Mission(二值化调参) G通道,当前阈值:(0,255)
2025-02-04 16:38:07 - INFO - Mission(二值化调参) 调整低阈值
2025-02-04 16:38:09 - INFO - Mission(二值化调参) 调整当前通道阈值为(10,144)
2025-02-04 16:38:09 - INFO - Mission(二值化调参) 调整当前通道阈值为(20,144)
2025-02-04 16:38:10 - INFO - Mission(二值化调参) 调整当前通道阈值为(30,144)
2025-02-04 16:38:10 - INFO - Mission(二值化调参) 调整当前通道阈值为(20,144)
2025-02-04 16:38:11 - INFO - Mission(二值化调参) 调整当前通道阈值为(10,144)
2025-02-04 16:38:11 - INFO - Mission(二值化调参) 调整当前通道阈值为(0,144)
2025-02-04 16:38:47 - INFO - Mission(二值化调参) 调整高阈值
2025-02-04 16:38:48 - INFO - Mission(二值化调参) 调整当前通道阈值为(0,134)
2025-02-04 16:38:49 - INFO - Mission(二值化调参) 调整当前通道阈值为(0,124)
2025-02-04 16:38:49 - INFO - Mission(二值化调参) 调整当前通道阈值为(0,114)
2025-02-04 16:38:50 - INFO - Mission(二值化调参) 调整当前通道阈值为(0,104)
2025-02-04 16:38:50 - INFO - Mission(二值化调参) 调整当前通道阈值为(0,94)
2025-02-04 16:38:51 - INFO - Mission(二值化调参) 调整当前通道阈值为(0,84)
2025-02-04 16:38:51 - INFO - Mission(二值化调参) 调整当前通道阈值为(0,74)
2025-02-04 16:38:51 - INFO - Mission(二值化调参) 调整当前通道阈值为(0,64)
2025-02-04 16:38:52 - INFO - Mission(二值化调参) 调整当前通道阈值为(0,54)
2025-02-04 16:38:54 - INFO - Mission(二值化调参) 精调模式
2025-02-04 16:38:56 - INFO - Mission(二值化调参) 调整当前通道阈值为(0,53)
2025-02-04 16:38:57 - INFO - Mission(二值化调参) 调整当前通道阈值为(0,52)
2025-02-04 16:38:58 - INFO - Mission(二值化调参) 调整当前通道阈值为(0,51)
2025-02-04 16:38:58 - INFO - Mission(二值化调参) 调整当前通道阈值为(0,50)
2025-02-04 16:39:01 - INFO - Mission(二值化调参) R通道,当前阈值:(0,50)
2025-02-04 16:39:03 - INFO - Mission(二值化调参) 调整低阈值
2025-02-04 16:39:04 - INFO - Mission(二值化调参) 调整当前通道阈值为(171,255)
2025-02-04 16:39:06 - INFO - Mission(二值化调参) 调整当前通道阈值为(170,255)
2025-02-04 16:39:11 - INFO - Mission(二值化调参) 调整当前通道阈值为(169,255)
2025-02-04 16:39:11 - INFO - Mission(二值化调参) 调整当前通道阈值为(168,255)
2025-02-04 16:39:12 - INFO - Mission(二值化调参) 调整当前通道阈值为(167,255)
2025-02-04 16:39:13 - INFO - Mission(二值化调参) 粗调模式
2025-02-04 16:39:19 - INFO - Mission(二值化调参) 调整当前通道阈值为(157,255)
2025-02-04 16:39:20 - INFO - Mission(二值化调参) 调整当前通道阈值为(147,255)
2025-02-04 16:39:21 - INFO - Mission(二值化调参) 调整当前通道阈值为(137,255)
2025-02-04 16:39:22 - INFO - Mission(二值化调参) 调整当前通道阈值为(127,255)
2025-02-04 16:39:22 - INFO - Mission(二值化调参) 调整当前通道阈值为(117,255)
2025-02-04 16:39:22 - INFO - Mission(二值化调参) 调整当前通道阈值为(107,255)
2025-02-04 16:39:23 - INFO - Mission(二值化调参) 调整当前通道阈值为(97,255)
2025-02-04 16:39:25 - INFO - Mission(二值化调参) 调整当前通道阈值为(87,255)
2025-02-04 16:39:25 - INFO - Mission(二值化调参) 调整当前通道阈值为(77,255)
2025-02-04 16:39:26 - INFO - Mission(二值化调参) 调整当前通道阈值为(67,255)
2025-02-04 16:39:26 - INFO - Mission(二值化调参) 调整当前通道阈值为(57,255)
2025-02-04 16:39:27 - INFO - Mission(二值化调参) 调整当前通道阈值为(47,255)
2025-02-04 16:39:27 - INFO - Mission(二值化调参) 调整当前通道阈值为(37,255)
2025-02-04 16:39:28 - INFO - Mission(二值化调参) 调整当前通道阈值为(27,255)
2025-02-04 16:39:30 - INFO - Mission(二值化调参) 调整当前通道阈值为(17,255)
2025-02-04 16:39:31 - INFO - Mission(二值化调参) 调整当前通道阈值为(7,255)
2025-02-04 16:39:40 - INFO - Mission(二值化调参) 调整当前通道阈值为(0,255)
2025-02-04 16:39:41 - INFO - Mission(二值化调参) 调整高阈值
2025-02-04 16:39:43 - INFO - Mission(二值化调参) 调整当前通道阈值为(0,245)
2025-02-04 16:39:43 - INFO - Mission(二值化调参) 调整当前通道阈值为(0,235)
2025-02-04 16:39:44 - INFO - Mission(二值化调参) 调整当前通道阈值为(0,225)
2025-02-04 16:39:44 - INFO - Mission(二值化调参) 调整当前通道阈值为(0,215)
2025-02-04 16:39:44 - INFO - Mission(二值化调参) 调整当前通道阈值为(0,205)
2025-02-04 16:39:44 - INFO - Mission(二值化调参) 调整当前通道阈值为(0,195)
2025-02-04 16:39:44 - INFO - Mission(二值化调参) 调整当前通道阈值为(0,185)
2025-02-04 16:39:44 - INFO - Mission(二值化调参) 调整当前通道阈值为(0,175)
2025-02-04 16:39:45 - INFO - Mission(二值化调参) 调整当前通道阈值为(0,165)
2025-02-04 16:39:45 - INFO - Mission(二值化调参) 调整当前通道阈值为(0,155)
2025-02-04 16:39:45 - INFO - Mission(二值化调参) 调整当前通道阈值为(0,145)
2025-02-04 16:39:45 - INFO - Mission(二值化调参) 调整当前通道阈值为(0,135)
2025-02-04 16:39:45 - INFO - Mission(二值化调参) 调整当前通道阈值为(0,125)
2025-02-04 16:39:47 - INFO - Mission(二值化调参) 调整当前通道阈值为(0,115)
2025-02-04 16:39:47 - INFO - Mission(二值化调参) 调整当前通道阈值为(0,105)
2025-02-04 16:39:47 - INFO - Mission(二值化调参) 调整当前通道阈值为(0,95)
2025-02-04 16:39:49 - INFO - Mission(二值化调参) 调整当前通道阈值为(0,85)
2025-02-04 16:39:49 - INFO - Mission(二值化调参) 调整当前通道阈值为(0,75)
2025-02-04 16:39:49 - INFO - Mission(二值化调参) 调整当前通道阈值为(0,65)
2025-02-04 16:39:49 - INFO - Mission(二值化调参) 调整当前通道阈值为(0,55)
2025-02-04 16:39:49 - INFO - Mission(二值化调参) 调整当前通道阈值为(0,45)
2025-02-04 16:39:50 - INFO - Mission(二值化调参) 调整当前通道阈值为(0,35)
2025-02-04 16:39:50 - INFO - Mission(二值化调参) 调整当前通道阈值为(0,25)
2025-02-04 16:39:52 - INFO - Mission(二值化调参) 调整当前通道阈值为(0,15)
2025-02-04 16:39:53 - INFO - Mission(二值化调参) 灰度模式
2025-02-04 16:39:54 - INFO - Mission(二值化调参) B通道,当前阈值:(0,255)
2025-02-04 16:39:58 - INFO - Mission(二值化调参) 调整高阈值
2025-02-04 16:39:58 - INFO - Mission(二值化调参) 调整当前通道阈值为(0,245)
2025-02-04 16:39:59 - INFO - Mission(二值化调参) 调整当前通道阈值为(0,235)
2025-02-04 16:39:59 - INFO - Mission(二值化调参) 调整当前通道阈值为(0,225)
2025-02-04 16:39:59 - INFO - Mission(二值化调参) 调整当前通道阈值为(0,215)
2025-02-04 16:39:59 - INFO - Mission(二值化调参) 调整当前通道阈值为(0,205)
2025-02-04 16:40:01 - INFO - Mission(二值化调参) 调整当前通道阈值为(0,195)
2025-02-04 16:40:01 - INFO - Mission(二值化调参) 调整当前通道阈值为(0,185)
2025-02-04 16:40:01 - INFO - Mission(二值化调参) 调整当前通道阈值为(0,175)
2025-02-04 16:40:01 - INFO - Mission(二值化调参) 调整当前通道阈值为(0,165)
2025-02-04 16:40:01 - INFO - Mission(二值化调参) 调整当前通道阈值为(0,155)
2025-02-04 16:40:03 - INFO - Mission(二值化调参) 调整当前通道阈值为(0,145)
2025-02-04 16:40:04 - INFO - Mission(二值化调参) 调整当前通道阈值为(0,135)
2025-02-04 16:40:04 - INFO - Mission(二值化调参) 调整当前通道阈值为(0,125)
2025-02-04 16:40:04 - INFO - Mission(二值化调参) 调整当前通道阈值为(0,115)
2025-02-04 16:40:04 - INFO - Mission(二值化调参) 调整当前通道阈值为(0,105)
2025-02-04 16:40:05 - INFO - Mission(二值化调参) 调整当前通道阈值为(0,95)
2025-02-04 16:40:05 - INFO - Mission(二值化调参) 调整当前通道阈值为(0,85)
2025-02-04 16:40:05 - INFO - Mission(二值化调参) 调整当前通道阈值为(0,75)
2025-02-04 16:40:05 - INFO - Mission(二值化调参) 调整当前通道阈值为(0,65)
2025-02-04 16:40:05 - INFO - Mission(二值化调参) 调整当前通道阈值为(0,55)
2025-02-04 16:40:05 - INFO - Mission(二值化调参) 调整当前通道阈值为(0,45)
2025-02-04 16:40:06 - INFO - Mission(二值化调参) 调整当前通道阈值为(0,35)
2025-02-04 16:40:06 - INFO - Mission(二值化调参) 调整当前通道阈值为(0,25)
2025-02-04 16:40:07 - INFO - Mission(二值化调参) 调整当前通道阈值为(0,15)
2025-02-04 16:40:07 - INFO - Mission(二值化调参) 调整当前通道阈值为(0,5)
2025-02-04 16:40:10 - INFO - Mission(二值化调参) 调整当前通道阈值为(0,15)
2025-02-04 16:40:10 - INFO - Mission(二值化调参) 调整当前通道阈值为(0,25)
2025-02-04 16:40:10 - INFO - Mission(二值化调参) 调整当前通道阈值为(0,35)
2025-02-04 16:40:10 - INFO - Mission(二值化调参) 调整当前通道阈值为(0,45)
2025-02-04 16:40:11 - INFO - Mission(二值化调参) 调整当前通道阈值为(0,55)
2025-02-04 16:40:12 - INFO - Mission(二值化调参) G通道,当前阈值:(0,55)
2025-02-04 16:40:15 - INFO - Mission(二值化调参) 精调模式
2025-02-04 16:40:17 - INFO - Mission(二值化调参) 调整当前通道阈值为(0,49)
2025-02-04 16:40:19 - INFO - Mission(二值化调参) 调整当前通道阈值为(0,50)
2025-02-04 16:40:22 - INFO - Mission(二值化调参) R通道,当前阈值:(0,50)
2025-02-04 16:40:25 - INFO - Mission(二值化调参) 灰度模式
2025-02-04 16:40:29 - INFO - Mission(二值化调参) B通道,当前阈值:(0,55)
2025-02-04 16:40:32 - INFO - Mission(二值化调参) 粗调模式
2025-02-04 16:40:32 - INFO - Mission(二值化调参) 精调模式
2025-02-04 16:40:33 - INFO - Mission(二值化调参) 调整当前通道阈值为(0,54)
2025-02-04 16:40:34 - INFO - Mission(二值化调参) 调整当前通道阈值为(0,53)
2025-02-04 16:40:34 - INFO - Mission(二值化调参) 调整当前通道阈值为(0,52)
2025-02-04 16:40:35 - INFO - Mission(二值化调参) 调整当前通道阈值为(0,51)
2025-02-04 16:40:35 - INFO - Mission(二值化调参) 调整当前通道阈值为(0,50)
2025-02-04 16:40:38 - INFO - Mission(二值化调参) G通道,当前阈值:(0,50)
2025-02-04 16:40:39 - INFO - Mission(二值化调参) R通道,当前阈值:(0,50)
2025-02-04 16:41:03 - INFO - Mission(二值化调参) 灰度模式
2025-02-04 16:41:07 - INFO - Mission(二值化调参) B通道,当前阈值:(0,50)
2025-02-04 16:41:25 - INFO - Mission(二值化调参) 粗调模式
2025-02-04 16:41:30 - INFO - Mission(二值化调参) 调整当前通道阈值为(0,60)
2025-02-04 16:41:31 - INFO - Mission(二值化调参) 调整当前通道阈值为(0,70)
2025-02-04 16:41:31 - INFO - Mission(二值化调参) 调整当前通道阈值为(0,80)
2025-02-04 16:41:31 - INFO - Mission(二值化调参) 调整当前通道阈值为(0,90)
2025-02-04 16:41:32 - INFO - Mission(二值化调参) 调整当前通道阈值为(0,100)
2025-02-04 16:41:32 - INFO - Mission(二值化调参) 调整当前通道阈值为(0,110)
2025-02-04 16:41:32 - INFO - Mission(二值化调参) 调整当前通道阈值为(0,120)
2025-02-04 16:41:32 - INFO - Mission(二值化调参) 调整当前通道阈值为(0,130)
2025-02-04 16:41:32 - INFO - Mission(二值化调参) 调整当前通道阈值为(0,140)
2025-02-04 16:41:32 - INFO - Mission(二值化调参) 调整当前通道阈值为(0,150)
2025-02-04 16:41:34 - INFO - Mission(二值化调参) 调整当前通道阈值为(0,160)
2025-02-04 16:41:34 - INFO - Mission(二值化调参) 调整当前通道阈值为(0,170)
2025-02-04 16:41:34 - INFO - Mission(二值化调参) 调整当前通道阈值为(0,180)
2025-02-04 16:41:36 - INFO - Mission(二值化调参) 调整当前通道阈值为(0,190)
2025-02-04 16:41:37 - INFO - Mission(二值化调参) 调整当前通道阈值为(0,200)
2025-02-04 16:41:37 - INFO - Mission(二值化调参) 调整当前通道阈值为(0,210)
2025-02-04 16:41:37 - INFO - Mission(二值化调参) 调整当前通道阈值为(0,220)
2025-02-04 16:41:37 - INFO - Mission(二值化调参) 调整当前通道阈值为(0,230)
2025-02-04 16:41:38 - INFO - Mission(二值化调参) 调整当前通道阈值为(0,240)
2025-02-04 16:41:38 - INFO - Mission(二值化调参) 调整当前通道阈值为(0,250)
2025-02-04 16:41:39 - INFO - Mission(二值化调参) 调整当前通道阈值为(0,255)
2025-02-04 16:41:42 - INFO - Mission(二值化调参) G通道,当前阈值:(0,255)
2025-02-04 16:41:43 - INFO - Mission(二值化调参) 调整当前通道阈值为(0,60)
2025-02-04 16:41:43 - INFO - Mission(二值化调参) 调整当前通道阈值为(0,70)
2025-02-04 16:41:46 - INFO - Mission(二值化调参) 调整当前通道阈值为(0,80)
2025-02-04 16:41:46 - INFO - Mission(二值化调参) 调整当前通道阈值为(0,90)
2025-02-04 16:41:46 - INFO - Mission(二值化调参) 调整当前通道阈值为(0,100)
2025-02-04 16:41:46 - INFO - Mission(二值化调参) 调整当前通道阈值为(0,110)
2025-02-04 16:41:47 - INFO - Mission(二值化调参) 调整当前通道阈值为(0,120)
2025-02-04 16:41:47 - INFO - Mission(二值化调参) 调整当前通道阈值为(0,130)
2025-02-04 16:41:47 - INFO - Mission(二值化调参) 调整当前通道阈值为(0,140)
2025-02-04 16:41:47 - INFO - Mission(二值化调参) 调整当前通道阈值为(0,150)
2025-02-04 16:41:49 - INFO - Mission(二值化调参) 调整当前通道阈值为(0,160)
2025-02-04 16:41:49 - INFO - Mission(二值化调参) 调整当前通道阈值为(0,170)
2025-02-04 16:41:49 - INFO - Mission(二值化调参) 调整当前通道阈值为(0,180)
2025-02-04 16:41:49 - INFO - Mission(二值化调参) 调整当前通道阈值为(0,190)
2025-02-04 16:41:50 - INFO - Mission(二值化调参) 调整当前通道阈值为(0,200)
2025-02-04 16:41:50 - INFO - Mission(二值化调参) 调整当前通道阈值为(0,210)
2025-02-04 16:41:51 - INFO - Mission(二值化调参) 调整当前通道阈值为(0,220)
2025-02-04 16:41:51 - INFO - Mission(二值化调参) 调整当前通道阈值为(0,230)
2025-02-04 16:41:51 - INFO - Mission(二值化调参) 调整当前通道阈值为(0,240)
2025-02-04 16:41:51 - INFO - Mission(二值化调参) 调整当前通道阈值为(0,250)
2025-02-04 16:41:54 - INFO - Mission(二值化调参) 调整当前通道阈值为(0,255)
2025-02-04 16:42:09 - INFO - Mission(二值化调参) R通道,当前阈值:(0,255)
2025-02-04 16:42:10 - INFO - Mission(二值化调参) 调整当前通道阈值为(0,25)
2025-02-04 16:42:11 - INFO - Mission(二值化调参) 调整当前通道阈值为(0,35)
2025-02-04 16:42:12 - INFO - Mission(二值化调参) 调整当前通道阈值为(0,45)
2025-02-04 16:42:12 - INFO - Mission(二值化调参) 调整当前通道阈值为(0,55)
2025-02-04 16:42:12 - INFO - Mission(二值化调参) 调整当前通道阈值为(0,65)
2025-02-04 16:42:12 - INFO - Mission(二值化调参) 调整当前通道阈值为(0,75)
2025-02-04 16:42:13 - INFO - Mission(二值化调参) 调整当前通道阈值为(0,85)
2025-02-04 16:42:13 - INFO - Mission(二值化调参) 调整当前通道阈值为(0,95)
2025-02-04 16:42:13 - INFO - Mission(二值化调参) 调整当前通道阈值为(0,105)
2025-02-04 16:42:15 - INFO - Mission(二值化调参) 调整当前通道阈值为(0,115)
2025-02-04 16:42:15 - INFO - Mission(二值化调参) 调整当前通道阈值为(0,125)
2025-02-04 16:42:16 - INFO - Mission(二值化调参) 调整当前通道阈值为(0,135)
2025-02-04 16:42:16 - INFO - Mission(二值化调参) 调整当前通道阈值为(0,145)
2025-02-04 16:42:16 - INFO - Mission(二值化调参) 调整当前通道阈值为(0,155)
2025-02-04 16:42:18 - INFO - Mission(二值化调参) 调整当前通道阈值为(0,145)
2025-02-04 16:42:18 - INFO - Mission(二值化调参) 调整当前通道阈值为(0,135)
2025-02-04 16:42:18 - INFO - Mission(二值化调参) 调整当前通道阈值为(0,125)
2025-02-04 16:42:18 - INFO - Mission(二值化调参) 调整当前通道阈值为(0,115)
2025-02-04 16:42:20 - INFO - Mission(二值化调参) 调整当前通道阈值为(0,105)
2025-02-04 16:42:20 - INFO - Mission(二值化调参) 调整当前通道阈值为(0,95)
2025-02-04 16:42:20 - INFO - Mission(二值化调参) 调整当前通道阈值为(0,85)
2025-02-04 16:42:21 - INFO - Mission(二值化调参) 调整当前通道阈值为(0,75)
2025-02-04 16:42:21 - INFO - Mission(二值化调参) 调整当前通道阈值为(0,65)
2025-02-04 16:42:22 - INFO - Mission(二值化调参) 调整当前通道阈值为(0,55)
2025-02-04 16:42:23 - INFO - Mission(二值化调参) 调整当前通道阈值为(0,45)
2025-02-04 16:43:03 - INFO - Mission(二值化调参) 调整当前通道阈值为(0,55)
2025-02-04 16:43:04 - INFO - Mission(二值化调参) 调整当前通道阈值为(0,65)
2025-02-04 16:43:04 - INFO - Mission(二值化调参) 调整当前通道阈值为(0,75)
2025-02-04 16:43:05 - INFO - Mission(二值化调参) 调整当前通道阈值为(0,85)
2025-02-04 16:43:05 - INFO - Mission(二值化调参) 调整当前通道阈值为(0,95)
2025-02-04 16:43:12 - INFO - Mission(二值化调参) 调整当前通道阈值为(0,85)
2025-02-04 16:43:14 - INFO - Mission(二值化调参) 调整当前通道阈值为(0,75)
2025-02-04 16:43:15 - INFO - Mission(二值化调参) 调整当前通道阈值为(0,65)
2025-02-04 16:43:16 - INFO - Mission(二值化调参) 调整当前通道阈值为(0,55)
2025-02-04 16:43:18 - INFO - Mission(二值化调参) 灰度模式
2025-02-04 16:43:22 - INFO - Mission(二值化调参) B通道,当前阈值:(0,255)
2025-02-04 16:45:45 - INFO - Mission(二值化调参) 测试结束,阈值:[[  0   0   0]
 [255 255  55]]
2025-02-04 16:45:45 - INFO - Mission(二值化调参) End, Duration(s):480.67839002609253
2025-02-04 16:45:45 - INFO - Mission(视频帧捕获) Cap Released
2025-02-04 16:45:45 - INFO - Mission(视频帧捕获) End, Duration(s):480.7389552593231
2025-02-04 16:45:45 - INFO - Mission(视频帧标记+显示) Windows Closed
2025-02-04 16:45:45 - INFO - Mission(视频帧标记+显示) End, Duration(s):480.74409651756287
2025-02-04 16:45:45 - INFO - Mission(视频帧保存) VideoWriter Released
2025-02-04 16:45:45 - INFO - Mission(视频帧保存) End, Duration(s):0.0
2025-02-04 16:45:45 - INFO - Mission(MissionManager) End, Duration(s):480.74604392051697
