2025-02-01 18:58:14 - ERROR - Video Capture Error
2025-02-01 18:58:14 - INFO - Mission(MissionManager) Ready
2025-02-01 18:58:14 - INFO - Mission(视频帧捕获) Ready
2025-02-01 18:58:14 - INFO - Mission(待机) Ready
2025-02-01 18:58:14 - INFO - Mission(视频帧标记+显示) Ready
2025-02-01 18:58:14 - ERROR - Mission(视频帧捕获) Run Error: 'NoneType' object has no attribute 'Read_Frame'
2025-02-01 18:58:14 - INFO - Mission(视频帧捕获) End, Duration:0.0020842552185058594s
2025-02-01 19:04:07 - ERROR - Video Capture Error
2025-02-01 19:04:07 - INFO - Mission(MissionManager) Ready
2025-02-01 19:04:07 - INFO - Mission(视频帧捕获) Ready
2025-02-01 19:04:07 - INFO - Mission(待机) Ready
2025-02-01 19:04:07 - INFO - Mission(视频帧标记+显示) Ready
2025-02-01 19:04:07 - ERROR - Mission(视频帧捕获) Run Error: 'NoneType' object has no attribute 'Read_Frame'
2025-02-01 19:04:07 - INFO - Mission(视频帧捕获) End, Duration:0.0010423660278320312s
2025-02-01 19:08:33 - ERROR - Video Capture Error
2025-02-01 19:08:33 - INFO - Mission(MissionManager) Ready
2025-02-01 19:08:33 - INFO - Mission(视频帧捕获) Ready
2025-02-01 19:08:33 - INFO - Mission(待机) Ready
2025-02-01 19:08:33 - INFO - Mission(视频帧标记+显示) Ready
2025-02-01 19:08:33 - ERROR - Mission(视频帧捕获) Run Error: 'NoneType' object has no attribute 'Read_Frame'
2025-02-01 19:08:33 - INFO - Mission(视频帧捕获) End, Duration:0.0011191368103027344s
2025-02-01 19:19:01 - INFO - Video Capture: width=640, height=480, fps=30.0
2025-02-01 19:19:01 - INFO - Mission(MissionManager) Ready
2025-02-01 19:19:01 - INFO - Mission(视频帧捕获) Ready
2025-02-01 19:19:01 - INFO - Mission(待机) Ready
2025-02-01 19:19:01 - INFO - Mission(视频帧标记+显示) Ready
2025-02-01 19:19:06 - INFO - Mission(待机) End, Duration:5.057699918746948s
2025-02-01 19:19:06 - INFO - Mission(视频帧标记+保存) Ready
2025-02-01 19:19:06 - INFO - Mission(启停区出发) Ready
2025-02-01 19:19:07 - INFO - Mission(启停区出发) End, Duration:0.8687326908111572s
2025-02-01 19:19:07 - INFO - Mission(扫码) Ready
2025-02-01 19:19:09 - INFO - Mission(扫码) End, Duration:2.568851947784424s
2025-02-01 19:19:09 - INFO - Mission(扫码->原料) Ready
2025-02-01 19:19:10 - INFO - Mission(扫码->原料) End, Duration:0.9683430194854736s
2025-02-01 19:19:10 - INFO - Mission(原料区纠正) Ready
2025-02-01 19:19:12 - INFO - Mission(原料区纠正) End, Duration:2.0687177181243896s
2025-02-01 19:19:12 - INFO - Mission(原料区夹取) Ready
2025-02-01 19:19:12 - INFO - Mission(原料区夹取) End, Duration:0.03195452690124512s
2025-02-01 19:19:12 - INFO - Mission(原料区->加工区) Ready
2025-02-01 19:19:16 - ERROR - Mission(视频帧捕获) Run Error: Frame_Capture:帧捕获失败
2025-02-01 19:19:16 - INFO - Mission(视频帧捕获) End, Duration:15.14825701713562s
2025-02-01 19:19:16 - INFO - Mission(视频帧捕获) Cap Released
2025-02-01 19:19:16 - INFO - Mission(视频帧捕获) End, Duration:15.150904893875122s
2025-02-01 19:19:16 - INFO - Mission(视频帧标记+显示) Windows Closed
2025-02-01 19:19:16 - INFO - Mission(视频帧标记+显示) End, Duration:15.15282392501831s
2025-02-01 19:19:16 - INFO - Mission(视频帧标记+保存) VideoWriter Released
2025-02-01 19:19:16 - INFO - Mission(视频帧标记+保存) End, Duration:10.088248014450073s
2025-02-01 19:19:16 - INFO - Mission(MissionManager) End, Duration:15.159045219421387s
2025-02-01 19:46:11 - INFO - Video Capture: width=640, height=480, fps=30.0
2025-02-01 19:46:11 - INFO - Mission(MissionManager) Ready
2025-02-01 19:46:11 - INFO - Mission(视频帧捕获) Ready
2025-02-01 19:46:11 - INFO - Mission(待机) Ready
2025-02-01 19:46:11 - INFO - Mission(视频帧标记+显示) Ready
2025-02-01 19:46:17 - INFO - Mission(待机) End, Duration:5.056833744049072s
2025-02-01 19:46:17 - INFO - Mission(视频帧标记+保存) Ready
2025-02-01 19:46:17 - INFO - Mission(启停区出发) Ready
2025-02-01 19:46:17 - INFO - Mission(启停区出发) End, Duration:0.864814043045044s
2025-02-01 19:46:17 - INFO - Mission(扫码) Ready
2025-02-01 19:46:20 - INFO - Mission(扫码) End, Duration:2.5651466846466064s
2025-02-01 19:46:20 - INFO - Mission(扫码->原料) Ready
2025-02-01 19:46:21 - INFO - Mission(扫码->原料) End, Duration:0.9647767543792725s
2025-02-01 19:46:21 - INFO - Mission(原料区纠正) Ready
2025-02-01 19:46:23 - INFO - Mission(原料区纠正) End, Duration:2.0648179054260254s
2025-02-01 19:46:23 - INFO - Mission(原料区夹取) Ready
2025-02-01 19:46:23 - INFO - Mission(原料区夹取) End, Duration:0.03194165229797363s
2025-02-01 19:46:23 - INFO - Mission(原料区->加工区) Ready
2025-02-01 19:46:28 - INFO - Mission(原料区->加工区) End, Duration:4.938450574874878s
2025-02-01 19:46:28 - INFO - Mission(加工区纠正) Ready
2025-02-01 19:46:30 - INFO - Mission(加工区纠正) End, Duration:2.0693979263305664s
2025-02-01 19:46:30 - INFO - Mission(加工区放置回收) Ready
2025-02-01 19:46:30 - INFO - Mission(加工区放置回收) End, Duration:0.03196001052856445s
2025-02-01 19:46:30 - INFO - Mission(加工区->暂存区) Ready
2025-02-01 19:46:34 - INFO - Mission(加工区->暂存区) End, Duration:3.866419553756714s
2025-02-01 19:46:34 - INFO - Mission(暂存区纠正) Ready
2025-02-01 19:46:36 - INFO - Mission(暂存区纠正) End, Duration:2.0652973651885986s
2025-02-01 19:46:36 - INFO - Mission(暂存区放置) Ready
2025-02-01 19:46:36 - INFO - Mission(暂存区放置) End, Duration:0.032012224197387695s
2025-02-01 19:46:36 - INFO - Mission(暂存区->原料区) Ready
2025-02-01 19:46:40 - INFO - Mission(暂存区->原料区) End, Duration:3.7024364471435547s
2025-02-01 19:46:40 - INFO - Mission(原料区纠正) Ready
2025-02-01 19:46:42 - INFO - Mission(原料区纠正) End, Duration:2.0653131008148193s
2025-02-01 19:46:42 - INFO - Mission(原料区夹取) Ready
2025-02-01 19:46:42 - INFO - Mission(原料区夹取) End, Duration:0.031975746154785156s
2025-02-01 19:46:42 - INFO - Mission(原料区->加工区) Ready
2025-02-01 19:46:47 - INFO - Mission(原料区->加工区) End, Duration:4.939082860946655s
2025-02-01 19:46:47 - INFO - Mission(加工区纠正) Ready
2025-02-01 19:46:49 - INFO - Mission(加工区纠正) End, Duration:2.0692572593688965s
2025-02-01 19:46:49 - INFO - Mission(加工区放置回收) Ready
2025-02-01 19:46:49 - INFO - Mission(加工区放置回收) End, Duration:0.031950950622558594s
2025-02-01 19:46:49 - INFO - Mission(加工区->暂存区) Ready
2025-02-01 19:46:53 - INFO - Mission(加工区->暂存区) End, Duration:3.8663620948791504s
2025-02-01 19:46:53 - INFO - Mission(暂存区纠正) Ready
2025-02-01 19:46:55 - INFO - Mission(暂存区纠正) End, Duration:2.065308094024658s
2025-02-01 19:46:56 - INFO - Mission(暂存区码垛) Ready
2025-02-01 19:46:56 - INFO - Mission(暂存区码垛) End, Duration:0.03196978569030762s
2025-02-01 19:46:56 - INFO - Mission(暂存区->启停区) Ready
2025-02-01 19:47:01 - INFO - Mission(暂存区->启停区) End, Duration:5.439233064651489s
2025-02-01 19:47:01 - INFO - Mission(启停区位置纠正) Ready
2025-02-01 19:47:01 - INFO - Mission(启停区位置纠正) End, Duration:0.031989336013793945s
2025-02-01 19:47:01 - INFO - Mission(视频帧捕获) Cap Released
2025-02-01 19:47:01 - INFO - Mission(视频帧捕获) End, Duration:49.61276865005493s
2025-02-01 19:47:01 - INFO - Mission(视频帧标记+显示) Windows Closed
2025-02-01 19:47:01 - INFO - Mission(视频帧标记+显示) End, Duration:49.61338829994202s
2025-02-01 19:47:01 - INFO - Mission(视频帧标记+保存) VideoWriter Released
2025-02-01 19:47:01 - INFO - Mission(视频帧标记+保存) End, Duration:44.549684047698975s
2025-02-01 19:47:01 - INFO - Mission(MissionManager) End, Duration:49.61775040626526s
2025-02-01 22:37:41 - INFO - Video Capture: width=640, height=480, fps=30.0
2025-02-01 22:37:41 - INFO - Mission(MissionManager) Ready
2025-02-01 22:37:41 - INFO - Mission(视频帧捕获) Ready
2025-02-01 22:37:41 - INFO - Mission(待机) Ready
2025-02-01 22:37:41 - INFO - Mission(视频帧标记+显示) Ready
2025-02-01 22:37:47 - INFO - Mission(待机) End, Duration:5.0588202476501465s
2025-02-01 22:37:47 - INFO - Mission(视频帧标记+保存) Ready
2025-02-01 22:37:47 - INFO - Mission(启停区出发) Ready
2025-02-01 22:37:47 - INFO - Mission(启停区出发) End, Duration:0.8689031600952148s
2025-02-01 22:37:47 - INFO - Mission(扫码) Ready
2025-02-01 22:37:50 - INFO - Mission(扫码) End, Duration:2.5694997310638428s
2025-02-01 22:37:50 - INFO - Mission(扫码->原料) Ready
2025-02-01 22:37:51 - INFO - Mission(扫码->原料) End, Duration:0.968646764755249s
2025-02-01 22:37:51 - INFO - Mission(原料区纠正) Ready
2025-02-01 22:37:53 - INFO - Mission(原料区纠正) End, Duration:2.069122791290283s
2025-02-01 22:37:53 - INFO - Mission(原料区夹取) Ready
2025-02-01 22:37:53 - INFO - Mission(原料区夹取) End, Duration:0.03602766990661621s
2025-02-01 22:37:53 - INFO - Mission(原料区->加工区) Ready
2025-02-01 22:37:58 - INFO - Mission(原料区->加工区) End, Duration:4.934608697891235s
2025-02-01 22:37:58 - INFO - Mission(加工区纠正) Ready
2025-02-01 22:38:00 - INFO - Mission(加工区纠正) End, Duration:2.0650205612182617s
2025-02-01 22:38:00 - INFO - Mission(加工区放置回收) Ready
2025-02-01 22:38:00 - INFO - Mission(加工区放置回收) End, Duration:0.03197526931762695s
2025-02-01 22:38:00 - INFO - Mission(加工区->暂存区) Ready
2025-02-01 22:38:04 - INFO - Mission(加工区->暂存区) End, Duration:3.870004177093506s
2025-02-01 22:38:04 - INFO - Mission(暂存区纠正) Ready
2025-02-01 22:38:06 - INFO - Mission(暂存区纠正) End, Duration:2.0691864490509033s
2025-02-01 22:38:06 - INFO - Mission(暂存区放置) Ready
2025-02-01 22:38:06 - INFO - Mission(暂存区放置) End, Duration:0.03603839874267578s
2025-02-01 22:38:06 - INFO - Mission(暂存区->原料区) Ready
2025-02-01 22:38:10 - INFO - Mission(暂存区->原料区) End, Duration:3.733267307281494s
2025-02-01 22:38:10 - INFO - Mission(原料区纠正) Ready
2025-02-01 22:38:12 - INFO - Mission(原料区纠正) End, Duration:2.08154559135437s
2025-02-01 22:38:12 - INFO - Mission(原料区夹取) Ready
2025-02-01 22:38:12 - INFO - Mission(原料区夹取) End, Duration:0.03509926795959473s
2025-02-01 22:38:12 - INFO - Mission(原料区->加工区) Ready
2025-02-01 22:38:17 - INFO - Mission(原料区->加工区) End, Duration:4.973075866699219s
2025-02-01 22:38:17 - INFO - Mission(加工区纠正) Ready
2025-02-01 22:38:19 - INFO - Mission(加工区纠正) End, Duration:2.07650089263916s
2025-02-01 22:38:19 - INFO - Mission(加工区放置回收) Ready
2025-02-01 22:38:20 - INFO - Mission(加工区放置回收) End, Duration:0.03171062469482422s
2025-02-01 22:38:20 - INFO - Mission(加工区->暂存区) Ready
2025-02-01 22:38:23 - INFO - Mission(加工区->暂存区) End, Duration:3.870457649230957s
2025-02-01 22:38:23 - INFO - Mission(暂存区纠正) Ready
2025-02-01 22:38:26 - INFO - Mission(暂存区纠正) End, Duration:2.089107036590576s
2025-02-01 22:38:26 - INFO - Mission(暂存区码垛) Ready
2025-02-01 22:38:26 - INFO - Mission(暂存区码垛) End, Duration:0.03574085235595703s
2025-02-01 22:38:26 - INFO - Mission(暂存区->启停区) Ready
2025-02-01 22:38:31 - INFO - Mission(暂存区->启停区) End, Duration:5.481776475906372s
2025-02-01 22:38:31 - INFO - Mission(启停区位置纠正) Ready
2025-02-01 22:38:31 - INFO - Mission(启停区位置纠正) End, Duration:0.03592324256896973s
2025-02-01 22:38:31 - INFO - Mission(视频帧捕获) Cap Released
2025-02-01 22:38:31 - INFO - Mission(视频帧捕获) End, Duration:49.771992444992065s
2025-02-01 22:38:31 - INFO - Mission(视频帧标记+显示) Windows Closed
2025-02-01 22:38:31 - INFO - Mission(视频帧标记+显示) End, Duration:49.772950887680054s
2025-02-01 22:38:31 - INFO - Mission(视频帧标记+保存) VideoWriter Released
2025-02-01 22:38:31 - INFO - Mission(视频帧标记+保存) End, Duration:44.700453996658325s
2025-02-01 22:38:31 - INFO - Mission(MissionManager) End, Duration:49.77595615386963s
