2025-02-08 23:57:46 - INFO - Video Capture: width=640, height=480, fps=30.0
2025-02-08 23:57:46 - INFO - Mission(MissionManager) Ready
2025-02-08 23:57:46 - INFO - Mission(视频帧捕获) Ready
2025-02-08 23:57:46 - INFO - Mission(待机) Ready
2025-02-08 23:57:46 - INFO - Mission(视频帧标记+显示) Ready
2025-02-08 23:57:56 - INFO - Mission(待机) End, Duration(s):9.788666009902954
2025-02-08 23:57:56 - INFO - Mission(视频帧保存) Ready
2025-02-08 23:57:56 - INFO - Mission(启停区出发) Ready
2025-02-08 23:57:57 - INFO - Mission(启停区出发) End, Duration(s):0.8685610294342041
2025-02-08 23:57:57 - INFO - Mission(扫码) Ready
2025-02-08 23:58:05 - INFO - Mission(扫码) 检测到可识别码
2025-02-08 23:58:05 - INFO - Mission(扫码) 装载任务码: [[1, 3, 2], [1, 2, 3]]
2025-02-08 23:58:05 - INFO - Mission(扫码) End, Duration(s):7.870675325393677
2025-02-08 23:58:05 - INFO - Mission(视频帧捕获) Cap Released
2025-02-08 23:58:05 - INFO - Mission(视频帧捕获) End, Duration(s):18.662341356277466
2025-02-08 23:58:05 - INFO - Mission(视频帧标记+显示) Windows Closed
2025-02-08 23:58:05 - INFO - Mission(视频帧标记+显示) End, Duration(s):18.666433811187744
2025-02-08 23:58:05 - INFO - Mission(视频帧保存) VideoWriter Released
2025-02-08 23:58:05 - INFO - Mission(视频帧保存) End, Duration(s):8.871885061264038
2025-02-08 23:58:05 - INFO - Mission(MissionManager) End, Duration(s):18.669071912765503
2025-02-08 23:59:46 - INFO - Video Capture: width=640, height=480, fps=30.0
2025-02-08 23:59:46 - INFO - Mission(MissionManager) Ready
2025-02-08 23:59:46 - INFO - Mission(视频帧捕获) Ready
2025-02-08 23:59:46 - INFO - Mission(待机) Ready
2025-02-08 23:59:46 - INFO - Mission(视频帧标记+显示) Ready
2025-02-09 00:01:17 - INFO - Mission(待机) End, Duration(s):90.68841099739075
2025-02-09 00:01:17 - INFO - Mission(视频帧保存) Ready
2025-02-09 00:01:17 - INFO - Mission(启停区出发) Ready
2025-02-09 00:01:18 - INFO - Mission(启停区出发) End, Duration(s):0.8643448352813721
2025-02-09 00:01:18 - INFO - Mission(扫码) Ready
2025-02-09 00:01:33 - INFO - Mission(扫码) 检测到可识别码
2025-02-09 00:01:33 - INFO - Mission(扫码) 装载任务码: [[1, 3, 2], [1, 2, 3]]
2025-02-09 00:01:33 - INFO - Mission(扫码) End, Duration(s):15.768810033798218
2025-02-09 00:01:33 - INFO - Mission(视频帧捕获) Cap Released
2025-02-09 00:01:33 - INFO - Mission(视频帧捕获) End, Duration(s):107.45223879814148
2025-02-09 00:01:33 - INFO - Mission(视频帧标记+显示) Windows Closed
2025-02-09 00:01:33 - INFO - Mission(视频帧标记+显示) End, Duration(s):107.45644402503967
2025-02-09 00:01:33 - INFO - Mission(视频帧保存) VideoWriter Released
2025-02-09 00:01:33 - INFO - Mission(视频帧保存) End, Duration(s):16.762162446975708
2025-02-09 00:01:33 - INFO - Mission(MissionManager) End, Duration(s):107.45888447761536
2025-02-09 00:04:00 - INFO - Video Capture: width=640, height=480, fps=30.0
2025-02-09 00:04:01 - INFO - Mission(MissionManager) Ready
2025-02-09 00:04:01 - INFO - Mission(视频帧捕获) Ready
2025-02-09 00:04:01 - INFO - Mission(待机) Ready
2025-02-09 00:04:01 - INFO - Mission(视频帧标记+显示) Ready
2025-02-09 00:04:04 - INFO - Mission(待机) End, Duration(s):3.489949941635132
2025-02-09 00:04:04 - INFO - Mission(视频帧保存) Ready
2025-02-09 00:04:04 - INFO - Mission(启停区出发) Ready
2025-02-09 00:04:05 - INFO - Mission(启停区出发) End, Duration(s):0.8695046901702881
2025-02-09 00:04:05 - INFO - Mission(扫码) Ready
2025-02-09 00:04:10 - ERROR - Mission(扫码) Run Error
Traceback (most recent call last):
  File "/home/zhang/Logistic_Robot2025/proj/mission/Setup.py", line 184, in Run
    self.Run_func(self)
  File "/home/zhang/Logistic_Robot2025/proj/mission/Mission_Function.py", line 215, in Scan_QRcode_Func
    raise TimeoutError("Mission({}) 扫码超时".format(self.Name))
TimeoutError: Mission(扫码) 扫码超时

2025-02-09 00:04:10 - INFO - Mission(扫码) End, Duration(s):5.06937050819397
2025-02-09 00:04:10 - INFO - Mission(视频帧捕获) Cap Released
2025-02-09 00:04:10 - INFO - Mission(视频帧捕获) End, Duration(s):9.525974750518799
2025-02-09 00:04:10 - INFO - Mission(视频帧标记+显示) Windows Closed
2025-02-09 00:04:10 - INFO - Mission(视频帧标记+显示) End, Duration(s):9.52980637550354
2025-02-09 00:04:10 - INFO - Mission(视频帧保存) VideoWriter Released
2025-02-09 00:04:10 - INFO - Mission(视频帧保存) End, Duration(s):6.033344507217407
2025-02-09 00:04:10 - INFO - Mission(MissionManager) End, Duration(s):9.531857967376709
2025-02-09 00:15:21 - INFO - Video Capture: width=640, height=480, fps=30.0
2025-02-09 00:15:21 - INFO - Mission(MissionManager) Ready
2025-02-09 00:15:21 - INFO - Mission(视频帧捕获) Ready
2025-02-09 00:15:21 - INFO - Mission(待机) Ready
2025-02-09 00:15:21 - INFO - Mission(视频帧标记+显示) Ready
2025-02-09 00:15:25 - INFO - Mission(待机) End, Duration(s):3.623661518096924
2025-02-09 00:15:25 - INFO - Mission(视频帧保存) Ready
2025-02-09 00:15:25 - INFO - Mission(启停区出发) Ready
2025-02-09 00:15:26 - INFO - Mission(启停区出发) End, Duration(s):0.8685555458068848
2025-02-09 00:15:26 - INFO - Mission(扫码) Ready
2025-02-09 00:15:31 - ERROR - Mission(扫码) Run Error
Traceback (most recent call last):
  File "/home/zhang/Logistic_Robot2025/proj/mission/Setup.py", line 184, in Run
    self.Run_func(self)
  File "/home/zhang/Logistic_Robot2025/proj/mission/Mission_Function.py", line 216, in Scan_QRcode_Func
    raise TimeoutError("Mission({}) 扫码超时".format(self.Name))
TimeoutError: Mission(扫码) 扫码超时

2025-02-09 00:15:31 - INFO - Mission(扫码) End, Duration(s):5.033464193344116
2025-02-09 00:15:31 - INFO - Mission(视频帧捕获) Cap Released
2025-02-09 00:15:31 - INFO - Mission(视频帧捕获) End, Duration(s):9.651461839675903
2025-02-09 00:15:31 - INFO - Mission(视频帧标记+显示) Windows Closed
2025-02-09 00:15:31 - INFO - Mission(视频帧标记+显示) End, Duration(s):9.655072212219238
2025-02-09 00:15:31 - INFO - Mission(视频帧保存) VideoWriter Released
2025-02-09 00:15:31 - INFO - Mission(视频帧保存) End, Duration(s):6.025286674499512
2025-02-09 00:15:31 - INFO - Mission(MissionManager) End, Duration(s):9.657578229904175
